[0.010s] Invoking command in '/workspaces/voiture2A-ros/build/voiture2a_motors_driver': /usr/bin/cmake /workspaces/voiture2A-ros/src/voiture2a_motors_driver -DCMAKE_INSTALL_PREFIX=/workspaces/voiture2A-ros/install/voiture2a_motors_driver
[0.018s] -- Found ament_cmake: 1.3.3 (/opt/ros/humble/share/ament_cmake/cmake)
[0.148s] -- Found Python3: /usr/bin/python3.10 (found version "3.10.6") found components: Interpreter 
[0.167s] Traceback (most recent call last):
[0.167s]   File "/opt/ros/humble/share/ament_cmake_core/cmake/package_templates/templates_2_cmake.py", line 21, in <module>
[0.167s]     from ament_package.templates import get_environment_hook_template_path
[0.167s] ModuleNotFoundError: No module named 'ament_package'
[0.173s] [31mCMake Error at /opt/ros/humble/share/ament_cmake_core/cmake/ament_cmake_package_templates-extras.cmake:41 (message):
[0.173s]   execute_process(/usr/bin/python3.10
[0.173s]   /opt/ros/humble/share/ament_cmake_core/cmake/package_templates/templates_2_cmake.py
[0.173s]   /workspaces/voiture2A-ros/build/voiture2a_motors_driver/ament_cmake_package_templates/templates.cmake)
[0.174s]   returned error code 1
[0.174s] Call Stack (most recent call first):
[0.175s]   /opt/ros/humble/share/ament_cmake_core/cmake/ament_cmake_coreConfig.cmake:41 (include)
[0.175s]   /opt/ros/humble/share/ament_cmake/cmake/ament_cmake_export_dependencies-extras.cmake:15 (find_package)
[0.175s]   /opt/ros/humble/share/ament_cmake/cmake/ament_cmakeConfig.cmake:41 (include)
[0.175s]   CMakeLists.txt:9 (find_package)
[0.176s] 
[0.176s] [0m
[0.176s] -- Configuring incomplete, errors occurred!
[0.176s] See also "/workspaces/voiture2A-ros/build/voiture2a_motors_driver/CMakeFiles/CMakeOutput.log".
[0.177s] Invoked command in '/workspaces/voiture2A-ros/build/voiture2a_motors_driver' returned '1': /usr/bin/cmake /workspaces/voiture2A-ros/src/voiture2a_motors_driver -DCMAKE_INSTALL_PREFIX=/workspaces/voiture2A-ros/install/voiture2a_motors_driver
