[0.029s] Invoking command in '/home/camilo/Documents/ENSTA/4.1/ROS/voitureReal/voiture2A-ros/build/gpsd_client': CMAKE_PREFIX_PATH=${CMAKE_PREFIX_PATH}:/opt/ros/foxy CONDA_PROMPT_MODIFIER=(base) /usr/bin/cmake /home/camilo/Documents/ENSTA/4.1/ROS/voitureReal/voiture2A-ros/src/gpsd_client -DCMAKE_EXPORT_COMPILE_COMMANDS=ON -G Ninja -DCMAKE_INSTALL_PREFIX=/home/camilo/Documents/ENSTA/4.1/ROS/voitureReal/voiture2A-ros/install/gpsd_client
[0.081s] -- The C compiler identification is GNU 9.4.0
[0.125s] -- The CXX compiler identification is GNU 9.4.0
[0.128s] -- Check for working C compiler: /usr/bin/cc
[0.167s] -- Check for working C compiler: /usr/bin/cc -- works
[0.168s] -- Detecting C compiler ABI info
[0.205s] -- Detecting C compiler ABI info - done
[0.212s] -- Detecting C compile features
[0.212s] -- Detecting C compile features - done
[0.214s] -- Check for working CXX compiler: /usr/bin/c++
[0.258s] -- Check for working CXX compiler: /usr/bin/c++ -- works
[0.259s] -- Detecting CXX compiler ABI info
[0.308s] -- Detecting CXX compiler ABI info - done
[0.317s] -- Detecting CXX compile features
[0.317s] -- Detecting CXX compile features - done
[0.319s] -- Found ament_cmake: 0.9.11 (/opt/ros/foxy/share/ament_cmake/cmake)
[0.339s] -- Found PythonInterp: /home/camilo/miniconda3/bin/python3 (found suitable version "3.10.8", minimum required is "3") 
[0.339s] -- Using PYTHON_EXECUTABLE: /home/camilo/miniconda3/bin/python3
[0.477s] -- Found rosidl_default_generators: 1.0.1 (/opt/ros/foxy/share/rosidl_default_generators/cmake)
[0.482s] -- Using all available rosidl_typesupport_c: rosidl_typesupport_fastrtps_c;rosidl_typesupport_introspection_c
[0.486s] -- Found rosidl_adapter: 1.3.0 (/opt/ros/foxy/share/rosidl_adapter/cmake)
[0.560s] -- Found OpenSSL: /usr/lib/x86_64-linux-gnu/libcrypto.so (found version "1.1.1f")  
[0.582s] -- Found FastRTPS: /opt/ros/foxy/include  
[0.638s] -- Using all available rosidl_typesupport_cpp: rosidl_typesupport_fastrtps_cpp;rosidl_typesupport_introspection_cpp
[0.658s] -- Found rclcpp: 2.4.2 (/opt/ros/foxy/share/rclcpp/cmake)
[0.699s] -- Found rmw_implementation_cmake: 1.0.4 (/opt/ros/foxy/share/rmw_implementation_cmake/cmake)
[0.700s] -- Using RMW implementation 'rmw_fastrtps_cpp' as default
[0.701s] -- Looking for pthread.h
[0.745s] -- Looking for pthread.h - found
[0.746s] -- Performing Test CMAKE_HAVE_LIBC_PTHREAD
[0.794s] -- Performing Test CMAKE_HAVE_LIBC_PTHREAD - Failed
[0.794s] -- Looking for pthread_create in pthreads
[0.821s] -- Looking for pthread_create in pthreads - not found
[0.821s] -- Looking for pthread_create in pthread
[0.862s] -- Looking for pthread_create in pthread - found
[0.863s] -- Found Threads: TRUE  
[0.990s] -- Found PythonInterp: /home/camilo/miniconda3/bin/python3 (found version "3.10.8") 
[1.130s] -- Found ament_cmake_ros: 0.9.2 (/opt/ros/foxy/share/ament_cmake_ros/cmake)
[1.264s] -- Using all available rosidl_typesupport_c: rosidl_typesupport_fastrtps_c;rosidl_typesupport_introspection_c
[1.308s] -- Using all available rosidl_typesupport_cpp: rosidl_typesupport_fastrtps_cpp;rosidl_typesupport_introspection_cpp
[1.329s] -- Found PythonInterp: /home/camilo/miniconda3/bin/python3 (found suitable version "3.10.8", minimum required is "3.5") 
[1.330s] -- Found python_cmake_module: 0.8.1 (/opt/ros/foxy/share/python_cmake_module/cmake)
[1.349s] -- Found PythonLibs: /home/camilo/miniconda3/lib/libpython3.10.so (found suitable version "3.10.8", minimum required is "3.5") 
[1.349s] -- Using PYTHON_EXECUTABLE: /home/camilo/miniconda3/bin/python3
[1.350s] -- Using PYTHON_INCLUDE_DIRS: /home/camilo/miniconda3/include/python3.10
[1.350s] -- Using PYTHON_LIBRARIES: /home/camilo/miniconda3/lib/libpython3.10.so
[1.366s] -- Found PythonExtra: .so  
[1.676s] -- Using numpy include directory: /home/camilo/miniconda3/lib/python3.10/site-packages/numpy/core/include
[1.685s] CMake Error at CMakeLists.txt:15 (rosidl_get_typesupport_target):
[1.685s]   Unknown CMake command "rosidl_get_typesupport_target".
[1.685s] 
[1.685s] 
[1.686s] -- Configuring incomplete, errors occurred!
[1.686s] See also "/home/camilo/Documents/ENSTA/4.1/ROS/voitureReal/voiture2A-ros/build/gpsd_client/CMakeFiles/CMakeOutput.log".
[1.686s] See also "/home/camilo/Documents/ENSTA/4.1/ROS/voitureReal/voiture2A-ros/build/gpsd_client/CMakeFiles/CMakeError.log".
