[0.012s] Invoking command in '/workspaces/voiture2A-ros/build/voiture2a_motors_driver': /usr/bin/cmake /workspaces/voiture2A-ros/src/voiture2a_motors_driver -DCMAKE_INSTALL_PREFIX=/workspaces/voiture2A-ros/install/voiture2a_motors_driver
[0.054s] -- The C compiler identification is GNU 11.3.0
[0.100s] -- The CXX compiler identification is GNU 11.3.0
[0.107s] -- Detecting C compiler ABI info
[0.162s] -- Detecting C compiler ABI info - done
[0.173s] -- Check for working C compiler: /usr/bin/cc - skipped
[0.173s] -- Detecting C compile features
[0.174s] -- Detecting C compile features - done
[0.177s] -- Detecting CXX compiler ABI info
[0.245s] -- Detecting CXX compiler ABI info - done
[0.251s] -- Check for working CXX compiler: /usr/bin/c++ - skipped
[0.251s] -- Detecting CXX compile features
[0.251s] -- Detecting CXX compile features - done
[0.253s] -- Found ament_cmake: 1.3.3 (/opt/ros/humble/share/ament_cmake/cmake)
[0.396s] -- Found Python3: /usr/bin/python3.10 (found version "3.10.6") found components: Interpreter 
[0.418s] Traceback (most recent call last):
[0.418s]   File "/opt/ros/humble/share/ament_cmake_core/cmake/package_templates/templates_2_cmake.py", line 21, in <module>
[0.418s]     from ament_package.templates import get_environment_hook_template_path
[0.418s] ModuleNotFoundError: No module named 'ament_package'
[0.423s] [31mCMake Error at /opt/ros/humble/share/ament_cmake_core/cmake/ament_cmake_package_templates-extras.cmake:41 (message):
[0.423s]   execute_process(/usr/bin/python3.10
[0.423s]   /opt/ros/humble/share/ament_cmake_core/cmake/package_templates/templates_2_cmake.py
[0.423s]   /workspaces/voiture2A-ros/build/voiture2a_motors_driver/ament_cmake_package_templates/templates.cmake)
[0.423s]   returned error code 1
[0.423s] Call Stack (most recent call first):
[0.423s]   /opt/ros/humble/share/ament_cmake_core/cmake/ament_cmake_coreConfig.cmake:41 (include)
[0.423s]   /opt/ros/humble/share/ament_cmake/cmake/ament_cmake_export_dependencies-extras.cmake:15 (find_package)
[0.423s]   /opt/ros/humble/share/ament_cmake/cmake/ament_cmakeConfig.cmake:41 (include)
[0.423s]   CMakeLists.txt:9 (find_package)
[0.423s] 
[0.424s] [0m
[0.424s] -- Configuring incomplete, errors occurred!
[0.424s] See also "/workspaces/voiture2A-ros/build/voiture2a_motors_driver/CMakeFiles/CMakeOutput.log".
[0.430s] Invoked command in '/workspaces/voiture2A-ros/build/voiture2a_motors_driver' returned '1': /usr/bin/cmake /workspaces/voiture2A-ros/src/voiture2a_motors_driver -DCMAKE_INSTALL_PREFIX=/workspaces/voiture2A-ros/install/voiture2a_motors_driver
