[0.024s] Invoking command in '/workspaces/voiture2A-ros/build/gpsd_client': /usr/bin/cmake /workspaces/voiture2A-ros/src/gpsd_client -DCMAKE_INSTALL_PREFIX=/workspaces/voiture2A-ros/install/gpsd_client
[0.070s] -- The C compiler identification is GNU 11.3.0
[0.118s] -- The CXX compiler identification is GNU 11.3.0
[0.125s] -- Detecting C compiler ABI info
[0.180s] -- Detecting C compiler ABI info - done
[0.185s] -- Check for working C compiler: /usr/bin/cc - skipped
[0.186s] -- Detecting C compile features
[0.186s] -- Detecting C compile features - done
[0.189s] -- Detecting CXX compiler ABI info
[0.254s] -- Detecting CXX compiler ABI info - done
[0.264s] -- Check for working CXX compiler: /usr/bin/c++ - skipped
[0.264s] -- Detecting CXX compile features
[0.265s] -- Detecting CXX compile features - done
[0.267s] -- Found ament_cmake: 1.3.3 (/opt/ros/humble/share/ament_cmake/cmake)
[0.415s] -- Found Python3: /usr/bin/python3.10 (found version "3.10.6") found components: Interpreter 
[0.435s] Traceback (most recent call last):
[0.435s]   File "/opt/ros/humble/share/ament_cmake_core/cmake/package_templates/templates_2_cmake.py", line 21, in <module>
[0.435s]     from ament_package.templates import get_environment_hook_template_path
[0.436s] ModuleNotFoundError: No module named 'ament_package'
[0.439s] [31mCMake Error at /opt/ros/humble/share/ament_cmake_core/cmake/ament_cmake_package_templates-extras.cmake:41 (message):
[0.439s]   execute_process(/usr/bin/python3.10
[0.439s]   /opt/ros/humble/share/ament_cmake_core/cmake/package_templates/templates_2_cmake.py
[0.439s]   /workspaces/voiture2A-ros/build/gpsd_client/ament_cmake_package_templates/templates.cmake)
[0.439s]   returned error code 1
[0.439s] Call Stack (most recent call first):
[0.439s]   /opt/ros/humble/share/ament_cmake_core/cmake/ament_cmake_coreConfig.cmake:41 (include)
[0.440s]   /opt/ros/humble/share/ament_cmake/cmake/ament_cmake_export_dependencies-extras.cmake:15 (find_package)
[0.440s]   /opt/ros/humble/share/ament_cmake/cmake/ament_cmakeConfig.cmake:41 (include)
[0.440s]   CMakeLists.txt:5 (find_package)
[0.440s] 
[0.440s] [0m
[0.440s] -- Configuring incomplete, errors occurred!
[0.440s] See also "/workspaces/voiture2A-ros/build/gpsd_client/CMakeFiles/CMakeOutput.log".
[0.449s] Invoked command in '/workspaces/voiture2A-ros/build/gpsd_client' returned '1': /usr/bin/cmake /workspaces/voiture2A-ros/src/gpsd_client -DCMAKE_INSTALL_PREFIX=/workspaces/voiture2A-ros/install/gpsd_client
