[0.011s] Invoking command in '/workspaces/voiture2A-ros/build/asservissement': /usr/bin/cmake /workspaces/voiture2A-ros/src/asservissement -DCMAKE_INSTALL_PREFIX=/workspaces/voiture2A-ros/install/asservissement
[0.026s] -- Found ament_cmake: 1.3.3 (/opt/ros/humble/share/ament_cmake/cmake)
[0.127s] Traceback (most recent call last):
[0.128s]   File "/opt/ros/humble/share/ament_cmake_core/cmake/package_templates/templates_2_cmake.py", line 21, in <module>
[0.128s]     from ament_package.templates import get_environment_hook_template_path
[0.128s] ModuleNotFoundError: No module named 'ament_package'
[0.130s] [31mCMake Error at /opt/ros/humble/share/ament_cmake_core/cmake/ament_cmake_package_templates-extras.cmake:41 (message):
[0.130s]   execute_process(/usr/bin/python3.10
[0.130s]   /opt/ros/humble/share/ament_cmake_core/cmake/package_templates/templates_2_cmake.py
[0.130s]   /workspaces/voiture2A-ros/build/asservissement/ament_cmake_package_templates/templates.cmake)
[0.130s]   returned error code 1
[0.130s] Call Stack (most recent call first):
[0.131s]   /opt/ros/humble/share/ament_cmake_core/cmake/ament_cmake_coreConfig.cmake:41 (include)
[0.131s]   /opt/ros/humble/share/ament_cmake/cmake/ament_cmake_export_dependencies-extras.cmake:15 (find_package)
[0.131s]   /opt/ros/humble/share/ament_cmake/cmake/ament_cmakeConfig.cmake:41 (include)
[0.131s]   CMakeLists.txt:19 (find_package)
[0.131s] 
[0.131s] [0m
[0.131s] -- Configuring incomplete, errors occurred!
[0.131s] See also "/workspaces/voiture2A-ros/build/asservissement/CMakeFiles/CMakeOutput.log".
[0.133s] Invoked command in '/workspaces/voiture2A-ros/build/asservissement' returned '1': /usr/bin/cmake /workspaces/voiture2A-ros/src/asservissement -DCMAKE_INSTALL_PREFIX=/workspaces/voiture2A-ros/install/asservissement
