[0.307s] DEBUG:colcon:Command line arguments: ['/usr/bin/colcon', 'build', '--packages-select', 'asservissement']
[0.307s] DEBUG:colcon:Parsed command line arguments: Namespace(log_base=None, log_level=None, verb_name='build', build_base='build', install_base='install', merge_install=False, symlink_install=False, test_result_base=None, continue_on_error=False, executor='parallel', parallel_workers=12, event_handlers=None, ignore_user_meta=False, metas=['./colcon.meta'], base_paths=['.'], packages_ignore=None, packages_ignore_regex=None, paths=None, packages_up_to=None, packages_up_to_regex=None, packages_above=None, packages_above_and_dependencies=None, packages_above_depth=None, packages_select_by_dep=None, packages_skip_by_dep=None, packages_skip_up_to=None, packages_select_build_failed=False, packages_skip_build_finished=False, packages_select_test_failures=False, packages_skip_test_passed=False, packages_select=['asservissement'], packages_skip=None, packages_select_regex=None, packages_skip_regex=None, packages_start=None, packages_end=None, cmake_args=None, cmake_target=None, cmake_target_skip_unavailable=False, cmake_clean_cache=False, cmake_clean_first=False, cmake_force_configure=False, ament_cmake_args=None, catkin_cmake_args=None, catkin_skip_building_tests=False, mixin_files=None, mixin=None, verb_parser=<colcon_mixin.mixin.mixin_argument.MixinArgumentDecorator object at 0x7f9221ab27a0>, verb_extension=<colcon_core.verb.build.BuildVerb object at 0x7f9221ab2110>, main=<bound method BuildVerb.main of <colcon_core.verb.build.BuildVerb object at 0x7f9221ab2110>>, mixin_verb=('build',))
[0.337s] Level 1:colcon.colcon_core.package_discovery:discover_packages(colcon_meta) check parameters
[0.338s] INFO:colcon.colcon_metadata.package_discovery.colcon_meta:Using configuration from '/root/.colcon/metadata/default/Gazebo.meta'
[0.339s] INFO:colcon.colcon_metadata.package_discovery.colcon_meta:Using configuration from '/root/.colcon/metadata/default/fastrtps.meta'
[0.339s] Level 1:colcon.colcon_core.package_discovery:discover_packages(recursive) check parameters
[0.339s] Level 1:colcon.colcon_core.package_discovery:discover_packages(ignore) check parameters
[0.339s] Level 1:colcon.colcon_core.package_discovery:discover_packages(path) check parameters
[0.339s] Level 1:colcon.colcon_core.package_discovery:discover_packages(colcon_meta) discover
[0.339s] Level 1:colcon.colcon_core.package_discovery:discover_packages(recursive) discover
[0.339s] INFO:colcon.colcon_core.package_discovery:Crawling recursively for packages in '/workspaces/voiture2A-ros'
[0.339s] Level 1:colcon.colcon_core.package_identification:_identify(.) by extensions ['ignore', 'ignore_ament_install']
[0.339s] Level 1:colcon.colcon_core.package_identification:_identify(.) by extension 'ignore'
[0.339s] Level 1:colcon.colcon_core.package_identification:_identify(.) by extension 'ignore_ament_install'
[0.339s] Level 1:colcon.colcon_core.package_identification:_identify(.) by extensions ['colcon_pkg']
[0.339s] Level 1:colcon.colcon_core.package_identification:_identify(.) by extension 'colcon_pkg'
[0.339s] Level 1:colcon.colcon_core.package_identification:_identify(.) by extensions ['colcon_meta']
[0.339s] Level 1:colcon.colcon_core.package_identification:_identify(.) by extension 'colcon_meta'
[0.339s] Level 1:colcon.colcon_core.package_identification:_identify(.) by extensions ['ros']
[0.339s] Level 1:colcon.colcon_core.package_identification:_identify(.) by extension 'ros'
[0.350s] Level 1:colcon.colcon_core.package_identification:_identify(.) by extensions ['cmake', 'python']
[0.350s] Level 1:colcon.colcon_core.package_identification:_identify(.) by extension 'cmake'
[0.350s] Level 1:colcon.colcon_core.package_identification:_identify(.) by extension 'python'
[0.350s] Level 1:colcon.colcon_core.package_identification:_identify(.) by extensions ['python_setup_py']
[0.350s] Level 1:colcon.colcon_core.package_identification:_identify(.) by extension 'python_setup_py'
[0.350s] Level 1:colcon.colcon_core.package_identification:_identify(build) by extensions ['ignore', 'ignore_ament_install']
[0.350s] Level 1:colcon.colcon_core.package_identification:_identify(build) by extension 'ignore'
[0.350s] Level 1:colcon.colcon_core.package_identification:_identify(build) ignored
[0.350s] Level 1:colcon.colcon_core.package_identification:_identify(docker) by extensions ['ignore', 'ignore_ament_install']
[0.350s] Level 1:colcon.colcon_core.package_identification:_identify(docker) by extension 'ignore'
[0.350s] Level 1:colcon.colcon_core.package_identification:_identify(docker) by extension 'ignore_ament_install'
[0.350s] Level 1:colcon.colcon_core.package_identification:_identify(docker) by extensions ['colcon_pkg']
[0.351s] Level 1:colcon.colcon_core.package_identification:_identify(docker) by extension 'colcon_pkg'
[0.351s] Level 1:colcon.colcon_core.package_identification:_identify(docker) by extensions ['colcon_meta']
[0.351s] Level 1:colcon.colcon_core.package_identification:_identify(docker) by extension 'colcon_meta'
[0.351s] Level 1:colcon.colcon_core.package_identification:_identify(docker) by extensions ['ros']
[0.351s] Level 1:colcon.colcon_core.package_identification:_identify(docker) by extension 'ros'
[0.351s] Level 1:colcon.colcon_core.package_identification:_identify(docker) by extensions ['cmake', 'python']
[0.351s] Level 1:colcon.colcon_core.package_identification:_identify(docker) by extension 'cmake'
[0.351s] Level 1:colcon.colcon_core.package_identification:_identify(docker) by extension 'python'
[0.351s] Level 1:colcon.colcon_core.package_identification:_identify(docker) by extensions ['python_setup_py']
[0.351s] Level 1:colcon.colcon_core.package_identification:_identify(docker) by extension 'python_setup_py'
[0.351s] Level 1:colcon.colcon_core.package_identification:_identify(install) by extensions ['ignore', 'ignore_ament_install']
[0.351s] Level 1:colcon.colcon_core.package_identification:_identify(install) by extension 'ignore'
[0.351s] Level 1:colcon.colcon_core.package_identification:_identify(install) ignored
[0.351s] Level 1:colcon.colcon_core.package_identification:_identify(launch) by extensions ['ignore', 'ignore_ament_install']
[0.351s] Level 1:colcon.colcon_core.package_identification:_identify(launch) by extension 'ignore'
[0.351s] Level 1:colcon.colcon_core.package_identification:_identify(launch) by extension 'ignore_ament_install'
[0.351s] Level 1:colcon.colcon_core.package_identification:_identify(launch) by extensions ['colcon_pkg']
[0.351s] Level 1:colcon.colcon_core.package_identification:_identify(launch) by extension 'colcon_pkg'
[0.351s] Level 1:colcon.colcon_core.package_identification:_identify(launch) by extensions ['colcon_meta']
[0.351s] Level 1:colcon.colcon_core.package_identification:_identify(launch) by extension 'colcon_meta'
[0.351s] Level 1:colcon.colcon_core.package_identification:_identify(launch) by extensions ['ros']
[0.351s] Level 1:colcon.colcon_core.package_identification:_identify(launch) by extension 'ros'
[0.352s] Level 1:colcon.colcon_core.package_identification:_identify(launch) by extensions ['cmake', 'python']
[0.352s] Level 1:colcon.colcon_core.package_identification:_identify(launch) by extension 'cmake'
[0.352s] Level 1:colcon.colcon_core.package_identification:_identify(launch) by extension 'python'
[0.352s] Level 1:colcon.colcon_core.package_identification:_identify(launch) by extensions ['python_setup_py']
[0.352s] Level 1:colcon.colcon_core.package_identification:_identify(launch) by extension 'python_setup_py'
[0.352s] Level 1:colcon.colcon_core.package_identification:_identify(log) by extensions ['ignore', 'ignore_ament_install']
[0.352s] Level 1:colcon.colcon_core.package_identification:_identify(log) by extension 'ignore'
[0.352s] Level 1:colcon.colcon_core.package_identification:_identify(log) ignored
[0.352s] Level 1:colcon.colcon_core.package_identification:_identify(src) by extensions ['ignore', 'ignore_ament_install']
[0.352s] Level 1:colcon.colcon_core.package_identification:_identify(src) by extension 'ignore'
[0.352s] Level 1:colcon.colcon_core.package_identification:_identify(src) by extension 'ignore_ament_install'
[0.352s] Level 1:colcon.colcon_core.package_identification:_identify(src) by extensions ['colcon_pkg']
[0.352s] Level 1:colcon.colcon_core.package_identification:_identify(src) by extension 'colcon_pkg'
[0.352s] Level 1:colcon.colcon_core.package_identification:_identify(src) by extensions ['colcon_meta']
[0.352s] Level 1:colcon.colcon_core.package_identification:_identify(src) by extension 'colcon_meta'
[0.352s] Level 1:colcon.colcon_core.package_identification:_identify(src) by extensions ['ros']
[0.352s] Level 1:colcon.colcon_core.package_identification:_identify(src) by extension 'ros'
[0.352s] Level 1:colcon.colcon_core.package_identification:_identify(src) by extensions ['cmake', 'python']
[0.352s] Level 1:colcon.colcon_core.package_identification:_identify(src) by extension 'cmake'
[0.353s] Level 1:colcon.colcon_core.package_identification:_identify(src) by extension 'python'
[0.353s] Level 1:colcon.colcon_core.package_identification:_identify(src) by extensions ['python_setup_py']
[0.353s] Level 1:colcon.colcon_core.package_identification:_identify(src) by extension 'python_setup_py'
[0.353s] Level 1:colcon.colcon_core.package_identification:_identify(src/asservissement) by extensions ['ignore', 'ignore_ament_install']
[0.353s] Level 1:colcon.colcon_core.package_identification:_identify(src/asservissement) by extension 'ignore'
[0.353s] Level 1:colcon.colcon_core.package_identification:_identify(src/asservissement) by extension 'ignore_ament_install'
[0.353s] Level 1:colcon.colcon_core.package_identification:_identify(src/asservissement) by extensions ['colcon_pkg']
[0.353s] Level 1:colcon.colcon_core.package_identification:_identify(src/asservissement) by extension 'colcon_pkg'
[0.353s] Level 1:colcon.colcon_core.package_identification:_identify(src/asservissement) by extensions ['colcon_meta']
[0.353s] Level 1:colcon.colcon_core.package_identification:_identify(src/asservissement) by extension 'colcon_meta'
[0.353s] Level 1:colcon.colcon_core.package_identification:_identify(src/asservissement) by extensions ['ros']
[0.353s] Level 1:colcon.colcon_core.package_identification:_identify(src/asservissement) by extension 'ros'
[0.355s] DEBUG:colcon.colcon_core.package_identification:Package 'src/asservissement' with type 'ros.ament_cmake' and name 'asservissement'
[0.356s] Level 1:colcon.colcon_core.package_identification:_identify(src/commandant) by extensions ['ignore', 'ignore_ament_install']
[0.356s] Level 1:colcon.colcon_core.package_identification:_identify(src/commandant) by extension 'ignore'
[0.356s] Level 1:colcon.colcon_core.package_identification:_identify(src/commandant) by extension 'ignore_ament_install'
[0.356s] Level 1:colcon.colcon_core.package_identification:_identify(src/commandant) by extensions ['colcon_pkg']
[0.356s] Level 1:colcon.colcon_core.package_identification:_identify(src/commandant) by extension 'colcon_pkg'
[0.356s] Level 1:colcon.colcon_core.package_identification:_identify(src/commandant) by extensions ['colcon_meta']
[0.356s] Level 1:colcon.colcon_core.package_identification:_identify(src/commandant) by extension 'colcon_meta'
[0.356s] Level 1:colcon.colcon_core.package_identification:_identify(src/commandant) by extensions ['ros']
[0.356s] Level 1:colcon.colcon_core.package_identification:_identify(src/commandant) by extension 'ros'
[0.357s] DEBUG:colcon.colcon_core.package_identification:Package 'src/commandant' with type 'ros.ament_cmake' and name 'commandant'
[0.357s] Level 1:colcon.colcon_core.package_identification:_identify(src/gpsd_client) by extensions ['ignore', 'ignore_ament_install']
[0.357s] Level 1:colcon.colcon_core.package_identification:_identify(src/gpsd_client) by extension 'ignore'
[0.357s] Level 1:colcon.colcon_core.package_identification:_identify(src/gpsd_client) by extension 'ignore_ament_install'
[0.357s] Level 1:colcon.colcon_core.package_identification:_identify(src/gpsd_client) by extensions ['colcon_pkg']
[0.357s] Level 1:colcon.colcon_core.package_identification:_identify(src/gpsd_client) by extension 'colcon_pkg'
[0.357s] Level 1:colcon.colcon_core.package_identification:_identify(src/gpsd_client) by extensions ['colcon_meta']
[0.357s] Level 1:colcon.colcon_core.package_identification:_identify(src/gpsd_client) by extension 'colcon_meta'
[0.357s] Level 1:colcon.colcon_core.package_identification:_identify(src/gpsd_client) by extensions ['ros']
[0.357s] Level 1:colcon.colcon_core.package_identification:_identify(src/gpsd_client) by extension 'ros'
[0.358s] DEBUG:colcon.colcon_core.package_identification:Package 'src/gpsd_client' with type 'ros.ament_cmake' and name 'gpsd_client'
[0.358s] Level 1:colcon.colcon_core.package_identification:_identify(src/projection_node) by extensions ['ignore', 'ignore_ament_install']
[0.358s] Level 1:colcon.colcon_core.package_identification:_identify(src/projection_node) by extension 'ignore'
[0.358s] Level 1:colcon.colcon_core.package_identification:_identify(src/projection_node) by extension 'ignore_ament_install'
[0.358s] Level 1:colcon.colcon_core.package_identification:_identify(src/projection_node) by extensions ['colcon_pkg']
[0.358s] Level 1:colcon.colcon_core.package_identification:_identify(src/projection_node) by extension 'colcon_pkg'
[0.358s] Level 1:colcon.colcon_core.package_identification:_identify(src/projection_node) by extensions ['colcon_meta']
[0.358s] Level 1:colcon.colcon_core.package_identification:_identify(src/projection_node) by extension 'colcon_meta'
[0.358s] Level 1:colcon.colcon_core.package_identification:_identify(src/projection_node) by extensions ['ros']
[0.358s] Level 1:colcon.colcon_core.package_identification:_identify(src/projection_node) by extension 'ros'
[0.359s] DEBUG:colcon.colcon_core.package_identification:Package 'src/projection_node' with type 'ros.ament_cmake' and name 'projection_node'
[0.359s] Level 1:colcon.colcon_core.package_identification:_identify(src/voiture2a_motors_driver) by extensions ['ignore', 'ignore_ament_install']
[0.359s] Level 1:colcon.colcon_core.package_identification:_identify(src/voiture2a_motors_driver) by extension 'ignore'
[0.359s] Level 1:colcon.colcon_core.package_identification:_identify(src/voiture2a_motors_driver) by extension 'ignore_ament_install'
[0.359s] Level 1:colcon.colcon_core.package_identification:_identify(src/voiture2a_motors_driver) by extensions ['colcon_pkg']
[0.360s] Level 1:colcon.colcon_core.package_identification:_identify(src/voiture2a_motors_driver) by extension 'colcon_pkg'
[0.360s] Level 1:colcon.colcon_core.package_identification:_identify(src/voiture2a_motors_driver) by extensions ['colcon_meta']
[0.360s] Level 1:colcon.colcon_core.package_identification:_identify(src/voiture2a_motors_driver) by extension 'colcon_meta'
[0.360s] Level 1:colcon.colcon_core.package_identification:_identify(src/voiture2a_motors_driver) by extensions ['ros']
[0.360s] Level 1:colcon.colcon_core.package_identification:_identify(src/voiture2a_motors_driver) by extension 'ros'
[0.360s] DEBUG:colcon.colcon_core.package_identification:Package 'src/voiture2a_motors_driver' with type 'ros.ament_cmake' and name 'voiture2a_motors_driver'
[0.360s] Level 1:colcon.colcon_core.package_discovery:discover_packages(recursive) using defaults
[0.360s] Level 1:colcon.colcon_core.package_discovery:discover_packages(ignore) discover
[0.360s] Level 1:colcon.colcon_core.package_discovery:discover_packages(ignore) using defaults
[0.360s] Level 1:colcon.colcon_core.package_discovery:discover_packages(path) discover
[0.360s] Level 1:colcon.colcon_core.package_discovery:discover_packages(path) using defaults
[0.385s] INFO:colcon.colcon_core.package_selection:Skipping not selected package 'commandant' in 'src/commandant'
[0.385s] INFO:colcon.colcon_core.package_selection:Skipping not selected package 'gpsd_client' in 'src/gpsd_client'
[0.385s] INFO:colcon.colcon_core.package_selection:Skipping not selected package 'voiture2a_motors_driver' in 'src/voiture2a_motors_driver'
[0.385s] INFO:colcon.colcon_core.package_selection:Skipping not selected package 'projection_node' in 'src/projection_node'
[0.387s] Level 5:colcon.colcon_core.verb:set package 'asservissement' build argument 'cmake_args' from command line to 'None'
[0.387s] Level 5:colcon.colcon_core.verb:set package 'asservissement' build argument 'cmake_target' from command line to 'None'
[0.387s] Level 5:colcon.colcon_core.verb:set package 'asservissement' build argument 'cmake_target_skip_unavailable' from command line to 'False'
[0.387s] Level 5:colcon.colcon_core.verb:set package 'asservissement' build argument 'cmake_clean_cache' from command line to 'False'
[0.387s] Level 5:colcon.colcon_core.verb:set package 'asservissement' build argument 'cmake_clean_first' from command line to 'False'
[0.387s] Level 5:colcon.colcon_core.verb:set package 'asservissement' build argument 'cmake_force_configure' from command line to 'False'
[0.387s] Level 5:colcon.colcon_core.verb:set package 'asservissement' build argument 'ament_cmake_args' from command line to 'None'
[0.387s] Level 5:colcon.colcon_core.verb:set package 'asservissement' build argument 'catkin_cmake_args' from command line to 'None'
[0.387s] Level 5:colcon.colcon_core.verb:set package 'asservissement' build argument 'catkin_skip_building_tests' from command line to 'False'
[0.387s] DEBUG:colcon.colcon_core.verb:Building package 'asservissement' with the following arguments: {'ament_cmake_args': None, 'build_base': '/workspaces/voiture2A-ros/build/asservissement', 'catkin_cmake_args': None, 'catkin_skip_building_tests': False, 'cmake_args': None, 'cmake_clean_cache': False, 'cmake_clean_first': False, 'cmake_force_configure': False, 'cmake_target': None, 'cmake_target_skip_unavailable': False, 'install_base': '/workspaces/voiture2A-ros/install/asservissement', 'merge_install': False, 'path': '/workspaces/voiture2A-ros/src/asservissement', 'symlink_install': False, 'test_result_base': None}
[0.388s] INFO:colcon.colcon_core.executor:Executing jobs using 'parallel' executor
[0.392s] DEBUG:colcon.colcon_parallel_executor.executor.parallel:run_until_complete
[0.392s] INFO:colcon.colcon_ros.task.ament_cmake.build:Building ROS package in '/workspaces/voiture2A-ros/src/asservissement' with build type 'ament_cmake'
[0.392s] INFO:colcon.colcon_cmake.task.cmake.build:Building CMake package in '/workspaces/voiture2A-ros/src/asservissement'
[0.398s] INFO:colcon.colcon_core.plugin_system:Skipping extension 'colcon_core.shell.bat': Not used on non-Windows systems
[0.398s] INFO:colcon.colcon_core.shell:Skip shell extension 'powershell' for command environment: Not usable outside of PowerShell
[0.398s] DEBUG:colcon.colcon_core.shell:Skip shell extension 'dsv' for command environment
[0.408s] DEBUG:colcon.colcon_core.event_handler.log_command:Invoking command in '/workspaces/voiture2A-ros/build/asservissement': CMAKE_PREFIX_PATH=${CMAKE_PREFIX_PATH}:/opt/ros/humble /usr/bin/cmake /workspaces/voiture2A-ros/src/asservissement -DCMAKE_INSTALL_PREFIX=/workspaces/voiture2A-ros/install/asservissement
[0.998s] DEBUG:colcon.colcon_core.event_handler.log_command:Invoked command in '/workspaces/voiture2A-ros/build/asservissement' returned '1': CMAKE_PREFIX_PATH=${CMAKE_PREFIX_PATH}:/opt/ros/humble /usr/bin/cmake /workspaces/voiture2A-ros/src/asservissement -DCMAKE_INSTALL_PREFIX=/workspaces/voiture2A-ros/install/asservissement
[1.015s] Level 1:colcon.colcon_core.environment:create_environment_scripts_only(asservissement)
[1.025s] Level 1:colcon.colcon_core.environment:checking '/workspaces/voiture2A-ros/install/asservissement' for CMake module files
[1.025s] Level 1:colcon.colcon_core.environment:checking '/workspaces/voiture2A-ros/install/asservissement' for CMake config files
[1.026s] Level 1:colcon.colcon_core.shell:create_environment_hook('asservissement', 'cmake_prefix_path')
[1.027s] INFO:colcon.colcon_core.shell:Creating environment hook '/workspaces/voiture2A-ros/install/asservissement/share/asservissement/hook/cmake_prefix_path.ps1'
[1.027s] INFO:colcon.colcon_core.shell:Creating environment descriptor '/workspaces/voiture2A-ros/install/asservissement/share/asservissement/hook/cmake_prefix_path.dsv'
[1.028s] INFO:colcon.colcon_core.shell:Creating environment hook '/workspaces/voiture2A-ros/install/asservissement/share/asservissement/hook/cmake_prefix_path.sh'
[1.029s] Level 1:colcon.colcon_core.environment:checking '/workspaces/voiture2A-ros/install/asservissement/bin'
[1.029s] Level 1:colcon.colcon_core.environment:checking '/workspaces/voiture2A-ros/install/asservissement/lib/pkgconfig/asservissement.pc'
[1.031s] Level 1:colcon.colcon_core.environment:checking '/workspaces/voiture2A-ros/install/asservissement/lib/python3.10/site-packages'
[1.031s] Level 1:colcon.colcon_core.environment:checking '/workspaces/voiture2A-ros/install/asservissement/bin'
[1.032s] INFO:colcon.colcon_core.shell:Creating package script '/workspaces/voiture2A-ros/install/asservissement/share/asservissement/package.ps1'
[1.033s] INFO:colcon.colcon_core.shell:Creating package descriptor '/workspaces/voiture2A-ros/install/asservissement/share/asservissement/package.dsv'
[1.033s] INFO:colcon.colcon_core.shell:Creating package script '/workspaces/voiture2A-ros/install/asservissement/share/asservissement/package.sh'
[1.034s] INFO:colcon.colcon_core.shell:Creating package script '/workspaces/voiture2A-ros/install/asservissement/share/asservissement/package.bash'
[1.035s] INFO:colcon.colcon_core.shell:Creating package script '/workspaces/voiture2A-ros/install/asservissement/share/asservissement/package.zsh'
[1.035s] Level 1:colcon.colcon_core.environment:create_file_with_runtime_dependencies(/workspaces/voiture2A-ros/install/asservissement/share/colcon-core/packages/asservissement)
[1.046s] DEBUG:colcon.colcon_parallel_executor.executor.parallel:closing loop
[1.046s] DEBUG:colcon.colcon_parallel_executor.executor.parallel:loop closed
[1.046s] DEBUG:colcon.colcon_parallel_executor.executor.parallel:run_until_complete finished with '1'
[1.047s] DEBUG:colcon.colcon_core.event_reactor:joining thread
[1.057s] INFO:colcon.colcon_core.plugin_system:Skipping extension 'colcon_notification.desktop_notification.notify_send': Could not find 'notify-send'
[1.057s] INFO:colcon.colcon_core.plugin_system:Skipping extension 'colcon_notification.desktop_notification.terminal_notifier': Not used on non-Darwin systems
[1.057s] INFO:colcon.colcon_core.plugin_system:Skipping extension 'colcon_notification.desktop_notification.win32': Not used on non-Windows systems
[1.057s] INFO:colcon.colcon_notification.desktop_notification:Sending desktop notification using 'notify2'
[1.057s] DEBUG:colcon.colcon_notification.desktop_notification.notify2:Failed to initialize notify2: org.freedesktop.DBus.Error.NotSupported: Unable to autolaunch a dbus-daemon without a $DISPLAY for X11
[1.057s] DEBUG:colcon.colcon_core.event_reactor:joined thread
[1.059s] INFO:colcon.colcon_core.shell:Creating prefix script '/workspaces/voiture2A-ros/install/local_setup.ps1'
[1.061s] INFO:colcon.colcon_core.shell:Creating prefix util module '/workspaces/voiture2A-ros/install/_local_setup_util_ps1.py'
[1.066s] INFO:colcon.colcon_core.shell:Creating prefix chain script '/workspaces/voiture2A-ros/install/setup.ps1'
[1.067s] INFO:colcon.colcon_core.shell:Creating prefix script '/workspaces/voiture2A-ros/install/local_setup.sh'
[1.068s] INFO:colcon.colcon_core.shell:Creating prefix util module '/workspaces/voiture2A-ros/install/_local_setup_util_sh.py'
[1.068s] INFO:colcon.colcon_core.shell:Creating prefix chain script '/workspaces/voiture2A-ros/install/setup.sh'
[1.069s] INFO:colcon.colcon_core.shell:Creating prefix script '/workspaces/voiture2A-ros/install/local_setup.bash'
[1.070s] INFO:colcon.colcon_core.shell:Creating prefix chain script '/workspaces/voiture2A-ros/install/setup.bash'
[1.071s] INFO:colcon.colcon_core.shell:Creating prefix script '/workspaces/voiture2A-ros/install/local_setup.zsh'
[1.071s] INFO:colcon.colcon_core.shell:Creating prefix chain script '/workspaces/voiture2A-ros/install/setup.zsh'
