[0.011s] Invoking command in '/workspaces/voiture2A-ros/build/commandant': /usr/bin/cmake /workspaces/voiture2A-ros/src/commandant -DCMAKE_INSTALL_PREFIX=/workspaces/voiture2A-ros/install/commandant
[0.041s] [31mCMake Error at CMakeLists.txt:19 (find_package):
[0.041s]   By not providing "Findament_cmake.cmake" in CMAKE_MODULE_PATH this project
[0.041s]   has asked CMake to find a package configuration file provided by
[0.041s]   "ament_cmake", but CMake did not find one.
[0.042s] 
[0.042s]   Could not find a package configuration file provided by "ament_cmake" with
[0.042s]   any of the following names:
[0.042s] 
[0.043s]     ament_cmakeConfig.cmake
[0.043s]     ament_cmake-config.cmake
[0.043s] 
[0.043s]   Add the installation prefix of "ament_cmake" to CMAKE_PREFIX_PATH or set
[0.044s]   "ament_cmake_DIR" to a directory containing one of the above files.  If
[0.044s]   "ament_cmake" provides a separate development package or SDK, be sure it
[0.044s]   has been installed.
[0.045s] 
[0.045s] [0m
[0.045s] -- Configuring incomplete, errors occurred!
[0.045s] See also "/workspaces/voiture2A-ros/build/commandant/CMakeFiles/CMakeOutput.log".
[0.045s] Invoked command in '/workspaces/voiture2A-ros/build/commandant' returned '1': /usr/bin/cmake /workspaces/voiture2A-ros/src/commandant -DCMAKE_INSTALL_PREFIX=/workspaces/voiture2A-ros/install/commandant
