[0.010s] Invoking command in '/workspaces/voiture2A-ros/build/commandant': /usr/bin/cmake /workspaces/voiture2A-ros/src/commandant -DCMAKE_INSTALL_PREFIX=/workspaces/voiture2A-ros/install/commandant
[0.021s] -- Found ament_cmake: 1.3.3 (/opt/ros/humble/share/ament_cmake/cmake)
[0.113s] Traceback (most recent call last):
[0.113s]   File "/opt/ros/humble/share/ament_cmake_core/cmake/package_templates/templates_2_cmake.py", line 21, in <module>
[0.113s]     from ament_package.templates import get_environment_hook_template_path
[0.113s] ModuleNotFoundError: No module named 'ament_package'
[0.115s] [31mCMake Error at /opt/ros/humble/share/ament_cmake_core/cmake/ament_cmake_package_templates-extras.cmake:41 (message):
[0.115s]   execute_process(/usr/bin/python3.10
[0.115s]   /opt/ros/humble/share/ament_cmake_core/cmake/package_templates/templates_2_cmake.py
[0.116s]   /workspaces/voiture2A-ros/build/commandant/ament_cmake_package_templates/templates.cmake)
[0.116s]   returned error code 1
[0.116s] Call Stack (most recent call first):
[0.116s]   /opt/ros/humble/share/ament_cmake_core/cmake/ament_cmake_coreConfig.cmake:41 (include)
[0.116s]   /opt/ros/humble/share/ament_cmake/cmake/ament_cmake_export_dependencies-extras.cmake:15 (find_package)
[0.116s]   /opt/ros/humble/share/ament_cmake/cmake/ament_cmakeConfig.cmake:41 (include)
[0.116s]   CMakeLists.txt:19 (find_package)
[0.116s] 
[0.116s] [0m
[0.116s] -- Configuring incomplete, errors occurred!
[0.116s] See also "/workspaces/voiture2A-ros/build/commandant/CMakeFiles/CMakeOutput.log".
[0.121s] Invoked command in '/workspaces/voiture2A-ros/build/commandant' returned '1': /usr/bin/cmake /workspaces/voiture2A-ros/src/commandant -DCMAKE_INSTALL_PREFIX=/workspaces/voiture2A-ros/install/commandant
