[0.326s] DEBUG:colcon:Command line arguments: ['/usr/bin/colcon', 'build', '--packages-select', 'asservissement']
[0.326s] DEBUG:colcon:Parsed command line arguments: Namespace(allow_overriding=[], ament_cmake_args=None, base_paths=['.'], build_base='build', catkin_cmake_args=None, catkin_skip_building_tests=False, cmake_args=None, cmake_clean_cache=False, cmake_clean_first=False, cmake_force_configure=False, cmake_target=None, cmake_target_skip_unavailable=False, continue_on_error=False, event_handlers=None, executor='parallel', ignore_user_meta=False, install_base='install', log_base=None, log_level=None, main=<bound method BuildVerb.main of <colcon_core.verb.build.BuildVerb object at 0x7fd65b4db490>>, merge_install=False, metas=['./colcon.meta'], packages_above=None, packages_above_and_dependencies=None, packages_above_depth=None, packages_end=None, packages_ignore=None, packages_ignore_regex=None, packages_select=['asservissement'], packages_select_build_failed=False, packages_select_by_dep=None, packages_select_regex=None, packages_select_test_failures=False, packages_skip=None, packages_skip_build_finished=False, packages_skip_by_dep=None, packages_skip_regex=None, packages_skip_test_passed=False, packages_skip_up_to=None, packages_start=None, packages_up_to=None, packages_up_to_regex=None, parallel_workers=12, paths=None, symlink_install=False, test_result_base=None, verb_extension=<colcon_core.verb.build.BuildVerb object at 0x7fd65b4db490>, verb_name='build', verb_parser=<colcon_defaults.argument_parser.defaults.DefaultArgumentsDecorator object at 0x7fd65b4db9d0>)
[0.355s] Level 1:colcon.colcon_core.package_discovery:discover_packages(colcon_meta) check parameters
[0.355s] Level 1:colcon.colcon_core.package_discovery:discover_packages(recursive) check parameters
[0.355s] Level 1:colcon.colcon_core.package_discovery:discover_packages(ignore) check parameters
[0.355s] Level 1:colcon.colcon_core.package_discovery:discover_packages(path) check parameters
[0.355s] Level 1:colcon.colcon_core.package_discovery:discover_packages(colcon_meta) discover
[0.355s] Level 1:colcon.colcon_core.package_discovery:discover_packages(recursive) discover
[0.355s] INFO:colcon.colcon_core.package_discovery:Crawling recursively for packages in '/home/camilo/Documents/ENSTA/4.1/ROS/voitureReal/voiture2A-ros'
[0.356s] Level 1:colcon.colcon_core.package_identification:_identify(.) by extensions ['ignore', 'ignore_ament_install']
[0.356s] Level 1:colcon.colcon_core.package_identification:_identify(.) by extension 'ignore'
[0.356s] Level 1:colcon.colcon_core.package_identification:_identify(.) by extension 'ignore_ament_install'
[0.356s] Level 1:colcon.colcon_core.package_identification:_identify(.) by extensions ['colcon_pkg']
[0.356s] Level 1:colcon.colcon_core.package_identification:_identify(.) by extension 'colcon_pkg'
[0.356s] Level 1:colcon.colcon_core.package_identification:_identify(.) by extensions ['colcon_meta']
[0.356s] Level 1:colcon.colcon_core.package_identification:_identify(.) by extension 'colcon_meta'
[0.356s] Level 1:colcon.colcon_core.package_identification:_identify(.) by extensions ['ros']
[0.356s] Level 1:colcon.colcon_core.package_identification:_identify(.) by extension 'ros'
[0.369s] Level 1:colcon.colcon_core.package_identification:_identify(.) by extensions ['cmake', 'python']
[0.369s] Level 1:colcon.colcon_core.package_identification:_identify(.) by extension 'cmake'
[0.369s] Level 1:colcon.colcon_core.package_identification:_identify(.) by extension 'python'
[0.369s] Level 1:colcon.colcon_core.package_identification:_identify(.) by extensions ['python_setup_py']
[0.369s] Level 1:colcon.colcon_core.package_identification:_identify(.) by extension 'python_setup_py'
[0.369s] Level 1:colcon.colcon_core.package_identification:_identify(build) by extensions ['ignore', 'ignore_ament_install']
[0.369s] Level 1:colcon.colcon_core.package_identification:_identify(build) by extension 'ignore'
[0.369s] Level 1:colcon.colcon_core.package_identification:_identify(build) ignored
[0.369s] Level 1:colcon.colcon_core.package_identification:_identify(install) by extensions ['ignore', 'ignore_ament_install']
[0.370s] Level 1:colcon.colcon_core.package_identification:_identify(install) by extension 'ignore'
[0.370s] Level 1:colcon.colcon_core.package_identification:_identify(install) ignored
[0.370s] Level 1:colcon.colcon_core.package_identification:_identify(log) by extensions ['ignore', 'ignore_ament_install']
[0.370s] Level 1:colcon.colcon_core.package_identification:_identify(log) by extension 'ignore'
[0.370s] Level 1:colcon.colcon_core.package_identification:_identify(log) ignored
[0.370s] Level 1:colcon.colcon_core.package_identification:_identify(src) by extensions ['ignore', 'ignore_ament_install']
[0.370s] Level 1:colcon.colcon_core.package_identification:_identify(src) by extension 'ignore'
[0.370s] Level 1:colcon.colcon_core.package_identification:_identify(src) by extension 'ignore_ament_install'
[0.370s] Level 1:colcon.colcon_core.package_identification:_identify(src) by extensions ['colcon_pkg']
[0.370s] Level 1:colcon.colcon_core.package_identification:_identify(src) by extension 'colcon_pkg'
[0.370s] Level 1:colcon.colcon_core.package_identification:_identify(src) by extensions ['colcon_meta']
[0.370s] Level 1:colcon.colcon_core.package_identification:_identify(src) by extension 'colcon_meta'
[0.370s] Level 1:colcon.colcon_core.package_identification:_identify(src) by extensions ['ros']
[0.370s] Level 1:colcon.colcon_core.package_identification:_identify(src) by extension 'ros'
[0.370s] Level 1:colcon.colcon_core.package_identification:_identify(src) by extensions ['cmake', 'python']
[0.370s] Level 1:colcon.colcon_core.package_identification:_identify(src) by extension 'cmake'
[0.370s] Level 1:colcon.colcon_core.package_identification:_identify(src) by extension 'python'
[0.370s] Level 1:colcon.colcon_core.package_identification:_identify(src) by extensions ['python_setup_py']
[0.370s] Level 1:colcon.colcon_core.package_identification:_identify(src) by extension 'python_setup_py'
[0.370s] Level 1:colcon.colcon_core.package_identification:_identify(src/asservissement) by extensions ['ignore', 'ignore_ament_install']
[0.370s] Level 1:colcon.colcon_core.package_identification:_identify(src/asservissement) by extension 'ignore'
[0.371s] Level 1:colcon.colcon_core.package_identification:_identify(src/asservissement) by extension 'ignore_ament_install'
[0.371s] Level 1:colcon.colcon_core.package_identification:_identify(src/asservissement) by extensions ['colcon_pkg']
[0.371s] Level 1:colcon.colcon_core.package_identification:_identify(src/asservissement) by extension 'colcon_pkg'
[0.371s] Level 1:colcon.colcon_core.package_identification:_identify(src/asservissement) by extensions ['colcon_meta']
[0.371s] Level 1:colcon.colcon_core.package_identification:_identify(src/asservissement) by extension 'colcon_meta'
[0.371s] Level 1:colcon.colcon_core.package_identification:_identify(src/asservissement) by extensions ['ros']
[0.371s] Level 1:colcon.colcon_core.package_identification:_identify(src/asservissement) by extension 'ros'
[0.372s] DEBUG:colcon.colcon_core.package_identification:Package 'src/asservissement' with type 'ros.ament_cmake' and name 'asservissement'
[0.372s] Level 1:colcon.colcon_core.package_identification:_identify(src/gpsd_client) by extensions ['ignore', 'ignore_ament_install']
[0.373s] Level 1:colcon.colcon_core.package_identification:_identify(src/gpsd_client) by extension 'ignore'
[0.373s] Level 1:colcon.colcon_core.package_identification:_identify(src/gpsd_client) by extension 'ignore_ament_install'
[0.373s] Level 1:colcon.colcon_core.package_identification:_identify(src/gpsd_client) by extensions ['colcon_pkg']
[0.373s] Level 1:colcon.colcon_core.package_identification:_identify(src/gpsd_client) by extension 'colcon_pkg'
[0.373s] Level 1:colcon.colcon_core.package_identification:_identify(src/gpsd_client) by extensions ['colcon_meta']
[0.373s] Level 1:colcon.colcon_core.package_identification:_identify(src/gpsd_client) by extension 'colcon_meta'
[0.373s] Level 1:colcon.colcon_core.package_identification:_identify(src/gpsd_client) by extensions ['ros']
[0.373s] Level 1:colcon.colcon_core.package_identification:_identify(src/gpsd_client) by extension 'ros'
[0.374s] DEBUG:colcon.colcon_core.package_identification:Package 'src/gpsd_client' with type 'ros.ament_cmake' and name 'gpsd_client'
[0.374s] Level 1:colcon.colcon_core.package_identification:_identify(src/voiture2a_motors_driver) by extensions ['ignore', 'ignore_ament_install']
[0.374s] Level 1:colcon.colcon_core.package_identification:_identify(src/voiture2a_motors_driver) by extension 'ignore'
[0.374s] Level 1:colcon.colcon_core.package_identification:_identify(src/voiture2a_motors_driver) by extension 'ignore_ament_install'
[0.374s] Level 1:colcon.colcon_core.package_identification:_identify(src/voiture2a_motors_driver) by extensions ['colcon_pkg']
[0.374s] Level 1:colcon.colcon_core.package_identification:_identify(src/voiture2a_motors_driver) by extension 'colcon_pkg'
[0.374s] Level 1:colcon.colcon_core.package_identification:_identify(src/voiture2a_motors_driver) by extensions ['colcon_meta']
[0.374s] Level 1:colcon.colcon_core.package_identification:_identify(src/voiture2a_motors_driver) by extension 'colcon_meta'
[0.374s] Level 1:colcon.colcon_core.package_identification:_identify(src/voiture2a_motors_driver) by extensions ['ros']
[0.374s] Level 1:colcon.colcon_core.package_identification:_identify(src/voiture2a_motors_driver) by extension 'ros'
[0.374s] DEBUG:colcon.colcon_core.package_identification:Package 'src/voiture2a_motors_driver' with type 'ros.ament_cmake' and name 'voiture2a_motors_driver'
[0.374s] Level 1:colcon.colcon_core.package_discovery:discover_packages(recursive) using defaults
[0.375s] Level 1:colcon.colcon_core.package_discovery:discover_packages(ignore) discover
[0.375s] Level 1:colcon.colcon_core.package_discovery:discover_packages(ignore) using defaults
[0.375s] Level 1:colcon.colcon_core.package_discovery:discover_packages(path) discover
[0.375s] Level 1:colcon.colcon_core.package_discovery:discover_packages(path) using defaults
[0.394s] INFO:colcon.colcon_core.package_selection:Skipping not selected package 'gpsd_client' in 'src/gpsd_client'
[0.394s] INFO:colcon.colcon_core.package_selection:Skipping not selected package 'voiture2a_motors_driver' in 'src/voiture2a_motors_driver'
[0.395s] Level 1:colcon.colcon_core.package_discovery:discover_packages(prefix_path) check parameters
[0.396s] Level 1:colcon.colcon_core.package_discovery:discover_packages(prefix_path) discover
[0.401s] DEBUG:colcon.colcon_installed_package_information.package_discovery:Found 2 installed packages in /home/camilo/Documents/ENSTA/4.1/ROS/ROSproject/tp-ros2/install
[0.402s] DEBUG:colcon.colcon_installed_package_information.package_discovery:Found 271 installed packages in /opt/ros/foxy
[0.403s] Level 1:colcon.colcon_core.package_discovery:discover_packages(prefix_path) using defaults
[0.453s] Level 5:colcon.colcon_core.verb:set package 'asservissement' build argument 'cmake_args' from command line to 'None'
[0.453s] Level 5:colcon.colcon_core.verb:set package 'asservissement' build argument 'cmake_target' from command line to 'None'
[0.453s] Level 5:colcon.colcon_core.verb:set package 'asservissement' build argument 'cmake_target_skip_unavailable' from command line to 'False'
[0.453s] Level 5:colcon.colcon_core.verb:set package 'asservissement' build argument 'cmake_clean_cache' from command line to 'False'
[0.453s] Level 5:colcon.colcon_core.verb:set package 'asservissement' build argument 'cmake_clean_first' from command line to 'False'
[0.453s] Level 5:colcon.colcon_core.verb:set package 'asservissement' build argument 'cmake_force_configure' from command line to 'False'
[0.453s] Level 5:colcon.colcon_core.verb:set package 'asservissement' build argument 'ament_cmake_args' from command line to 'None'
[0.453s] Level 5:colcon.colcon_core.verb:set package 'asservissement' build argument 'catkin_cmake_args' from command line to 'None'
[0.453s] Level 5:colcon.colcon_core.verb:set package 'asservissement' build argument 'catkin_skip_building_tests' from command line to 'False'
[0.453s] DEBUG:colcon.colcon_core.verb:Building package 'asservissement' with the following arguments: {'ament_cmake_args': None, 'build_base': '/home/camilo/Documents/ENSTA/4.1/ROS/voitureReal/voiture2A-ros/build/asservissement', 'catkin_cmake_args': None, 'catkin_skip_building_tests': False, 'cmake_args': None, 'cmake_clean_cache': False, 'cmake_clean_first': False, 'cmake_force_configure': False, 'cmake_target': None, 'cmake_target_skip_unavailable': False, 'install_base': '/home/camilo/Documents/ENSTA/4.1/ROS/voitureReal/voiture2A-ros/install/asservissement', 'merge_install': False, 'path': '/home/camilo/Documents/ENSTA/4.1/ROS/voitureReal/voiture2A-ros/src/asservissement', 'symlink_install': False, 'test_result_base': None}
[0.454s] INFO:colcon.colcon_core.executor:Executing jobs using 'parallel' executor
[0.459s] DEBUG:colcon.colcon_parallel_executor.executor.parallel:run_until_complete
[0.459s] INFO:colcon.colcon_ros.task.ament_cmake.build:Building ROS package in '/home/camilo/Documents/ENSTA/4.1/ROS/voitureReal/voiture2A-ros/src/asservissement' with build type 'ament_cmake'
[0.459s] INFO:colcon.colcon_cmake.task.cmake.build:Building CMake package in '/home/camilo/Documents/ENSTA/4.1/ROS/voitureReal/voiture2A-ros/src/asservissement'
[0.465s] INFO:colcon.colcon_core.plugin_system:Skipping extension 'colcon_core.shell.bat': Not used on non-Windows systems
[0.465s] INFO:colcon.colcon_core.shell:Skip shell extension 'powershell' for command environment: Not usable outside of PowerShell
[0.465s] DEBUG:colcon.colcon_core.shell:Skip shell extension 'dsv' for command environment
[0.473s] DEBUG:colcon.colcon_core.event_handler.log_command:Invoking command in '/home/camilo/Documents/ENSTA/4.1/ROS/voitureReal/voiture2A-ros/build/asservissement': CMAKE_PREFIX_PATH=${CMAKE_PREFIX_PATH}:/opt/ros/foxy CONDA_PROMPT_MODIFIER=(base) /usr/bin/cmake /home/camilo/Documents/ENSTA/4.1/ROS/voitureReal/voiture2A-ros/src/asservissement -DCMAKE_INSTALL_PREFIX=/home/camilo/Documents/ENSTA/4.1/ROS/voitureReal/voiture2A-ros/install/asservissement
[2.242s] DEBUG:colcon.colcon_core.event_handler.log_command:Invoked command in '/home/camilo/Documents/ENSTA/4.1/ROS/voitureReal/voiture2A-ros/build/asservissement' returned '0': CMAKE_PREFIX_PATH=${CMAKE_PREFIX_PATH}:/opt/ros/foxy CONDA_PROMPT_MODIFIER=(base) /usr/bin/cmake /home/camilo/Documents/ENSTA/4.1/ROS/voitureReal/voiture2A-ros/src/asservissement -DCMAKE_INSTALL_PREFIX=/home/camilo/Documents/ENSTA/4.1/ROS/voitureReal/voiture2A-ros/install/asservissement
[2.246s] DEBUG:colcon.colcon_core.event_handler.log_command:Invoking command in '/home/camilo/Documents/ENSTA/4.1/ROS/voitureReal/voiture2A-ros/build/asservissement': CMAKE_PREFIX_PATH=${CMAKE_PREFIX_PATH}:/opt/ros/foxy CONDA_PROMPT_MODIFIER=(base) /usr/bin/cmake --build /home/camilo/Documents/ENSTA/4.1/ROS/voitureReal/voiture2A-ros/build/asservissement -- -j12 -l12
[2.295s] DEBUG:colcon.colcon_core.event_handler.log_command:Invoked command in '/home/camilo/Documents/ENSTA/4.1/ROS/voitureReal/voiture2A-ros/build/asservissement' returned '0': CMAKE_PREFIX_PATH=${CMAKE_PREFIX_PATH}:/opt/ros/foxy CONDA_PROMPT_MODIFIER=(base) /usr/bin/cmake --build /home/camilo/Documents/ENSTA/4.1/ROS/voitureReal/voiture2A-ros/build/asservissement -- -j12 -l12
[2.337s] DEBUG:colcon.colcon_core.event_handler.log_command:Invoking command in '/home/camilo/Documents/ENSTA/4.1/ROS/voitureReal/voiture2A-ros/build/asservissement': CMAKE_PREFIX_PATH=${CMAKE_PREFIX_PATH}:/opt/ros/foxy CONDA_PROMPT_MODIFIER=(base) /usr/bin/cmake --install /home/camilo/Documents/ENSTA/4.1/ROS/voitureReal/voiture2A-ros/build/asservissement
[2.351s] Level 1:colcon.colcon_core.environment:create_environment_scripts_only(asservissement)
[2.352s] DEBUG:colcon.colcon_core.event_handler.log_command:Invoked command in '/home/camilo/Documents/ENSTA/4.1/ROS/voitureReal/voiture2A-ros/build/asservissement' returned '0': CMAKE_PREFIX_PATH=${CMAKE_PREFIX_PATH}:/opt/ros/foxy CONDA_PROMPT_MODIFIER=(base) /usr/bin/cmake --install /home/camilo/Documents/ENSTA/4.1/ROS/voitureReal/voiture2A-ros/build/asservissement
[2.370s] Level 1:colcon.colcon_core.environment:checking '/home/camilo/Documents/ENSTA/4.1/ROS/voitureReal/voiture2A-ros/install/asservissement' for CMake module files
[2.370s] Level 1:colcon.colcon_core.environment:checking '/home/camilo/Documents/ENSTA/4.1/ROS/voitureReal/voiture2A-ros/install/asservissement' for CMake config files
[2.370s] Level 1:colcon.colcon_core.shell:create_environment_hook('asservissement', 'cmake_prefix_path')
[2.372s] INFO:colcon.colcon_core.shell:Creating environment hook '/home/camilo/Documents/ENSTA/4.1/ROS/voitureReal/voiture2A-ros/install/asservissement/share/asservissement/hook/cmake_prefix_path.ps1'
[2.373s] INFO:colcon.colcon_core.shell:Creating environment descriptor '/home/camilo/Documents/ENSTA/4.1/ROS/voitureReal/voiture2A-ros/install/asservissement/share/asservissement/hook/cmake_prefix_path.dsv'
[2.373s] INFO:colcon.colcon_core.shell:Creating environment hook '/home/camilo/Documents/ENSTA/4.1/ROS/voitureReal/voiture2A-ros/install/asservissement/share/asservissement/hook/cmake_prefix_path.sh'
[2.374s] Level 1:colcon.colcon_core.environment:checking '/home/camilo/Documents/ENSTA/4.1/ROS/voitureReal/voiture2A-ros/install/asservissement/bin'
[2.374s] Level 1:colcon.colcon_core.environment:checking '/home/camilo/Documents/ENSTA/4.1/ROS/voitureReal/voiture2A-ros/install/asservissement/lib/pkgconfig/asservissement.pc'
[2.374s] Level 1:colcon.colcon_core.environment:checking '/home/camilo/Documents/ENSTA/4.1/ROS/voitureReal/voiture2A-ros/install/asservissement/lib/python3.8/site-packages'
[2.374s] Level 1:colcon.colcon_core.environment:checking '/home/camilo/Documents/ENSTA/4.1/ROS/voitureReal/voiture2A-ros/install/asservissement/bin'
[2.376s] INFO:colcon.colcon_core.shell:Creating package script '/home/camilo/Documents/ENSTA/4.1/ROS/voitureReal/voiture2A-ros/install/asservissement/share/asservissement/package.ps1'
[2.377s] INFO:colcon.colcon_core.shell:Creating package descriptor '/home/camilo/Documents/ENSTA/4.1/ROS/voitureReal/voiture2A-ros/install/asservissement/share/asservissement/package.dsv'
[2.377s] INFO:colcon.colcon_core.shell:Creating package script '/home/camilo/Documents/ENSTA/4.1/ROS/voitureReal/voiture2A-ros/install/asservissement/share/asservissement/package.sh'
[2.378s] INFO:colcon.colcon_core.shell:Creating package script '/home/camilo/Documents/ENSTA/4.1/ROS/voitureReal/voiture2A-ros/install/asservissement/share/asservissement/package.bash'
[2.378s] INFO:colcon.colcon_core.shell:Creating package script '/home/camilo/Documents/ENSTA/4.1/ROS/voitureReal/voiture2A-ros/install/asservissement/share/asservissement/package.zsh'
[2.379s] Level 1:colcon.colcon_core.environment:create_file_with_runtime_dependencies(/home/camilo/Documents/ENSTA/4.1/ROS/voitureReal/voiture2A-ros/install/asservissement/share/colcon-core/packages/asservissement)
[2.396s] Level 1:colcon.colcon_core.environment:create_environment_scripts_only(asservissement)
[2.399s] Level 1:colcon.colcon_core.environment:checking '/home/camilo/Documents/ENSTA/4.1/ROS/voitureReal/voiture2A-ros/install/asservissement' for CMake module files
[2.399s] Level 1:colcon.colcon_core.environment:checking '/home/camilo/Documents/ENSTA/4.1/ROS/voitureReal/voiture2A-ros/install/asservissement' for CMake config files
[2.399s] Level 1:colcon.colcon_core.shell:create_environment_hook('asservissement', 'cmake_prefix_path')
[2.401s] INFO:colcon.colcon_core.shell:Creating environment hook '/home/camilo/Documents/ENSTA/4.1/ROS/voitureReal/voiture2A-ros/install/asservissement/share/asservissement/hook/cmake_prefix_path.ps1'
[2.402s] INFO:colcon.colcon_core.shell:Creating environment descriptor '/home/camilo/Documents/ENSTA/4.1/ROS/voitureReal/voiture2A-ros/install/asservissement/share/asservissement/hook/cmake_prefix_path.dsv'
[2.402s] INFO:colcon.colcon_core.shell:Creating environment hook '/home/camilo/Documents/ENSTA/4.1/ROS/voitureReal/voiture2A-ros/install/asservissement/share/asservissement/hook/cmake_prefix_path.sh'
[2.402s] Level 1:colcon.colcon_core.environment:checking '/home/camilo/Documents/ENSTA/4.1/ROS/voitureReal/voiture2A-ros/install/asservissement/bin'
[2.402s] Level 1:colcon.colcon_core.environment:checking '/home/camilo/Documents/ENSTA/4.1/ROS/voitureReal/voiture2A-ros/install/asservissement/lib/pkgconfig/asservissement.pc'
[2.403s] Level 1:colcon.colcon_core.environment:checking '/home/camilo/Documents/ENSTA/4.1/ROS/voitureReal/voiture2A-ros/install/asservissement/lib/python3.8/site-packages'
[2.403s] Level 1:colcon.colcon_core.environment:checking '/home/camilo/Documents/ENSTA/4.1/ROS/voitureReal/voiture2A-ros/install/asservissement/bin'
[2.405s] INFO:colcon.colcon_core.shell:Creating package script '/home/camilo/Documents/ENSTA/4.1/ROS/voitureReal/voiture2A-ros/install/asservissement/share/asservissement/package.ps1'
[2.405s] INFO:colcon.colcon_core.shell:Creating package descriptor '/home/camilo/Documents/ENSTA/4.1/ROS/voitureReal/voiture2A-ros/install/asservissement/share/asservissement/package.dsv'
[2.405s] INFO:colcon.colcon_core.shell:Creating package script '/home/camilo/Documents/ENSTA/4.1/ROS/voitureReal/voiture2A-ros/install/asservissement/share/asservissement/package.sh'
[2.405s] INFO:colcon.colcon_core.shell:Creating package script '/home/camilo/Documents/ENSTA/4.1/ROS/voitureReal/voiture2A-ros/install/asservissement/share/asservissement/package.bash'
[2.406s] INFO:colcon.colcon_core.shell:Creating package script '/home/camilo/Documents/ENSTA/4.1/ROS/voitureReal/voiture2A-ros/install/asservissement/share/asservissement/package.zsh'
[2.406s] Level 1:colcon.colcon_core.environment:create_file_with_runtime_dependencies(/home/camilo/Documents/ENSTA/4.1/ROS/voitureReal/voiture2A-ros/install/asservissement/share/colcon-core/packages/asservissement)
[2.406s] DEBUG:colcon.colcon_parallel_executor.executor.parallel:closing loop
[2.407s] DEBUG:colcon.colcon_parallel_executor.executor.parallel:loop closed
[2.407s] DEBUG:colcon.colcon_parallel_executor.executor.parallel:run_until_complete finished with '0'
[2.407s] DEBUG:colcon.colcon_core.event_reactor:joining thread
[2.415s] INFO:colcon.colcon_core.plugin_system:Skipping extension 'colcon_notification.desktop_notification.terminal_notifier': Not used on non-Darwin systems
[2.415s] INFO:colcon.colcon_core.plugin_system:Skipping extension 'colcon_notification.desktop_notification.win32': Not used on non-Windows systems
[2.415s] INFO:colcon.colcon_notification.desktop_notification:Sending desktop notification using 'notify2'
[2.432s] DEBUG:colcon.colcon_core.event_reactor:joined thread
[2.436s] INFO:colcon.colcon_core.shell:Creating prefix script '/home/camilo/Documents/ENSTA/4.1/ROS/voitureReal/voiture2A-ros/install/local_setup.ps1'
[2.437s] INFO:colcon.colcon_core.shell:Creating prefix util module '/home/camilo/Documents/ENSTA/4.1/ROS/voitureReal/voiture2A-ros/install/_local_setup_util_ps1.py'
[2.438s] INFO:colcon.colcon_core.shell:Creating prefix chain script '/home/camilo/Documents/ENSTA/4.1/ROS/voitureReal/voiture2A-ros/install/setup.ps1'
[2.440s] INFO:colcon.colcon_core.shell:Creating prefix script '/home/camilo/Documents/ENSTA/4.1/ROS/voitureReal/voiture2A-ros/install/local_setup.sh'
[2.441s] INFO:colcon.colcon_core.shell:Creating prefix util module '/home/camilo/Documents/ENSTA/4.1/ROS/voitureReal/voiture2A-ros/install/_local_setup_util_sh.py'
[2.441s] INFO:colcon.colcon_core.shell:Creating prefix chain script '/home/camilo/Documents/ENSTA/4.1/ROS/voitureReal/voiture2A-ros/install/setup.sh'
[2.442s] INFO:colcon.colcon_core.shell:Creating prefix script '/home/camilo/Documents/ENSTA/4.1/ROS/voitureReal/voiture2A-ros/install/local_setup.bash'
[2.443s] INFO:colcon.colcon_core.shell:Creating prefix chain script '/home/camilo/Documents/ENSTA/4.1/ROS/voitureReal/voiture2A-ros/install/setup.bash'
[2.444s] INFO:colcon.colcon_core.shell:Creating prefix script '/home/camilo/Documents/ENSTA/4.1/ROS/voitureReal/voiture2A-ros/install/local_setup.zsh'
[2.444s] INFO:colcon.colcon_core.shell:Creating prefix chain script '/home/camilo/Documents/ENSTA/4.1/ROS/voitureReal/voiture2A-ros/install/setup.zsh'
