[0.013s] Invoking command in '/workspaces/voiture2A-ros/build/asservissement': CMAKE_PREFIX_PATH=${CMAKE_PREFIX_PATH}:/opt/ros/humble /usr/bin/cmake /workspaces/voiture2A-ros/src/asservissement -DCMAKE_INSTALL_PREFIX=/workspaces/voiture2A-ros/install/asservissement
[0.032s] -- Found ament_cmake: 1.3.3 (/opt/ros/humble/share/ament_cmake/cmake)
[0.188s] -- Found rclcpp: 16.0.3 (/opt/ros/humble/share/rclcpp/cmake)
[0.212s] -- Found rosidl_generator_c: 3.1.4 (/opt/ros/humble/share/rosidl_generator_c/cmake)
[0.214s] -- Found rosidl_adapter: 3.1.4 (/opt/ros/humble/share/rosidl_adapter/cmake)
[0.218s] -- Found rosidl_generator_cpp: 3.1.4 (/opt/ros/humble/share/rosidl_generator_cpp/cmake)
[0.229s] -- Using all available rosidl_typesupport_c: rosidl_typesupport_fastrtps_c;rosidl_typesupport_introspection_c
[0.241s] -- Using all available rosidl_typesupport_cpp: rosidl_typesupport_fastrtps_cpp;rosidl_typesupport_introspection_cpp
[0.288s] -- Found rmw_implementation_cmake: 6.1.1 (/opt/ros/humble/share/rmw_implementation_cmake/cmake)
[0.289s] -- Found rmw_fastrtps_cpp: 6.2.2 (/opt/ros/humble/share/rmw_fastrtps_cpp/cmake)
[0.410s] -- Using RMW implementation 'rmw_fastrtps_cpp' as default
[0.536s] -- Found geometry_msgs: 4.2.3 (/opt/ros/humble/share/geometry_msgs/cmake)
[0.570s] -- Found rosidl_default_generators: 1.2.0 (/opt/ros/humble/share/rosidl_default_generators/cmake)
[0.590s] [31mCMake Error at CMakeLists.txt:24 (find_package):
[0.591s]   By not providing "Findgpsd_client.cmake" in CMAKE_MODULE_PATH this project
[0.591s]   has asked CMake to find a package configuration file provided by
[0.591s]   "gpsd_client", but CMake did not find one.
[0.591s] 
[0.591s]   Could not find a package configuration file provided by "gpsd_client" with
[0.591s]   any of the following names:
[0.591s] 
[0.591s]     gpsd_clientConfig.cmake
[0.591s]     gpsd_client-config.cmake
[0.591s] 
[0.591s]   Add the installation prefix of "gpsd_client" to CMAKE_PREFIX_PATH or set
[0.591s]   "gpsd_client_DIR" to a directory containing one of the above files.  If
[0.591s]   "gpsd_client" provides a separate development package or SDK, be sure it
[0.591s]   has been installed.
[0.592s] 
[0.592s] [0m
[0.592s] -- Configuring incomplete, errors occurred!
[0.592s] See also "/workspaces/voiture2A-ros/build/asservissement/CMakeFiles/CMakeOutput.log".
[0.604s] Invoked command in '/workspaces/voiture2A-ros/build/asservissement' returned '1': CMAKE_PREFIX_PATH=${CMAKE_PREFIX_PATH}:/opt/ros/humble /usr/bin/cmake /workspaces/voiture2A-ros/src/asservissement -DCMAKE_INSTALL_PREFIX=/workspaces/voiture2A-ros/install/asservissement
