[0.026s] Invoking command in '/workspaces/voiture2A-ros/build/gpsd_client': /usr/bin/cmake /workspaces/voiture2A-ros/src/gpsd_client -DCMAKE_INSTALL_PREFIX=/workspaces/voiture2A-ros/install/gpsd_client
[0.039s] -- Found ament_cmake: 1.3.3 (/opt/ros/humble/share/ament_cmake/cmake)
[0.169s] -- Found Python3: /usr/bin/python3.10 (found version "3.10.6") found components: Interpreter 
[0.187s] Traceback (most recent call last):
[0.187s]   File "/opt/ros/humble/share/ament_cmake_core/cmake/package_templates/templates_2_cmake.py", line 21, in <module>
[0.187s]     from ament_package.templates import get_environment_hook_template_path
[0.187s] ModuleNotFoundError: No module named 'ament_package'
[0.190s] [31mCMake Error at /opt/ros/humble/share/ament_cmake_core/cmake/ament_cmake_package_templates-extras.cmake:41 (message):
[0.190s]   execute_process(/usr/bin/python3.10
[0.190s]   /opt/ros/humble/share/ament_cmake_core/cmake/package_templates/templates_2_cmake.py
[0.190s]   /workspaces/voiture2A-ros/build/gpsd_client/ament_cmake_package_templates/templates.cmake)
[0.190s]   returned error code 1
[0.190s] Call Stack (most recent call first):
[0.190s]   /opt/ros/humble/share/ament_cmake_core/cmake/ament_cmake_coreConfig.cmake:41 (include)
[0.191s]   /opt/ros/humble/share/ament_cmake/cmake/ament_cmake_export_dependencies-extras.cmake:15 (find_package)
[0.191s]   /opt/ros/humble/share/ament_cmake/cmake/ament_cmakeConfig.cmake:41 (include)
[0.191s]   CMakeLists.txt:5 (find_package)
[0.191s] 
[0.191s] [0m
[0.191s] -- Configuring incomplete, errors occurred!
[0.191s] See also "/workspaces/voiture2A-ros/build/gpsd_client/CMakeFiles/CMakeOutput.log".
[0.198s] Invoked command in '/workspaces/voiture2A-ros/build/gpsd_client' returned '1': /usr/bin/cmake /workspaces/voiture2A-ros/src/gpsd_client -DCMAKE_INSTALL_PREFIX=/workspaces/voiture2A-ros/install/gpsd_client
