[0.023s] Invoking command in '/home/camilo/Documents/ENSTA/4.1/ROS/voitureReal/voiture2A-ros/build/voiture2a_motors_driver': CMAKE_PREFIX_PATH=${CMAKE_PREFIX_PATH}:/opt/ros/foxy CONDA_PROMPT_MODIFIER=(base) /usr/bin/cmake /home/camilo/Documents/ENSTA/4.1/ROS/voitureReal/voiture2A-ros/src/voiture2a_motors_driver -DCMAKE_EXPORT_COMPILE_COMMANDS=ON -G Ninja -DCMAKE_INSTALL_PREFIX=/home/camilo/Documents/ENSTA/4.1/ROS/voitureReal/voiture2A-ros/install/voiture2a_motors_driver
[0.080s] -- The C compiler identification is GNU 9.4.0
[0.126s] -- The CXX compiler identification is GNU 9.4.0
[0.129s] -- Check for working C compiler: /usr/bin/cc
[0.169s] -- Check for working C compiler: /usr/bin/cc -- works
[0.170s] -- Detecting C compiler ABI info
[0.202s] -- Detecting C compiler ABI info - done
[0.212s] -- Detecting C compile features
[0.213s] -- Detecting C compile features - done
[0.215s] -- Check for working CXX compiler: /usr/bin/c++
[0.261s] -- Check for working CXX compiler: /usr/bin/c++ -- works
[0.262s] -- Detecting CXX compiler ABI info
[0.307s] -- Detecting CXX compiler ABI info - done
[0.318s] -- Detecting CXX compile features
[0.319s] -- Detecting CXX compile features - done
[0.321s] -- Found ament_cmake: 0.9.11 (/opt/ros/foxy/share/ament_cmake/cmake)
[0.341s] -- Found PythonInterp: /home/camilo/miniconda3/bin/python3 (found suitable version "3.10.8", minimum required is "3") 
[0.341s] -- Using PYTHON_EXECUTABLE: /home/camilo/miniconda3/bin/python3
[0.480s] -- Found rclcpp: 2.4.2 (/opt/ros/foxy/share/rclcpp/cmake)
[0.512s] -- Using all available rosidl_typesupport_c: rosidl_typesupport_fastrtps_c;rosidl_typesupport_introspection_c
[0.516s] -- Found rosidl_adapter: 1.3.0 (/opt/ros/foxy/share/rosidl_adapter/cmake)
[0.577s] -- Found OpenSSL: /usr/lib/x86_64-linux-gnu/libcrypto.so (found version "1.1.1f")  
[0.598s] -- Found FastRTPS: /opt/ros/foxy/include  
[0.652s] -- Using all available rosidl_typesupport_cpp: rosidl_typesupport_fastrtps_cpp;rosidl_typesupport_introspection_cpp
[0.692s] -- Found rmw_implementation_cmake: 1.0.4 (/opt/ros/foxy/share/rmw_implementation_cmake/cmake)
[0.693s] -- Using RMW implementation 'rmw_fastrtps_cpp' as default
[0.693s] -- Looking for pthread.h
[0.740s] -- Looking for pthread.h - found
[0.740s] -- Performing Test CMAKE_HAVE_LIBC_PTHREAD
[0.781s] -- Performing Test CMAKE_HAVE_LIBC_PTHREAD - Failed
[0.781s] -- Looking for pthread_create in pthreads
[0.809s] -- Looking for pthread_create in pthreads - not found
[0.809s] -- Looking for pthread_create in pthread
[0.849s] -- Looking for pthread_create in pthread - found
[0.850s] -- Found Threads: TRUE  
[0.963s] -- Found rosidl_default_generators: 1.0.1 (/opt/ros/foxy/share/rosidl_default_generators/cmake)
[0.971s] -- Found geometry_msgs: 2.0.5 (/opt/ros/foxy/share/geometry_msgs/cmake)
[1.013s] -- Found PythonInterp: /home/camilo/miniconda3/bin/python3 (found version "3.10.8") 
[1.118s] -- Found ament_cmake_ros: 0.9.2 (/opt/ros/foxy/share/ament_cmake_ros/cmake)
[1.190s] -- Using all available rosidl_typesupport_c: rosidl_typesupport_fastrtps_c;rosidl_typesupport_introspection_c
[1.194s] -- Using all available rosidl_typesupport_cpp: rosidl_typesupport_fastrtps_cpp;rosidl_typesupport_introspection_cpp
[1.212s] -- Found PythonInterp: /home/camilo/miniconda3/bin/python3 (found suitable version "3.10.8", minimum required is "3.5") 
[1.213s] -- Found python_cmake_module: 0.8.1 (/opt/ros/foxy/share/python_cmake_module/cmake)
[1.232s] -- Found PythonLibs: /home/camilo/miniconda3/lib/libpython3.10.so (found suitable version "3.10.8", minimum required is "3.5") 
[1.232s] -- Using PYTHON_EXECUTABLE: /home/camilo/miniconda3/bin/python3
[1.232s] -- Using PYTHON_INCLUDE_DIRS: /home/camilo/miniconda3/include/python3.10
[1.232s] -- Using PYTHON_LIBRARIES: /home/camilo/miniconda3/lib/libpython3.10.so
[1.248s] -- Found PythonExtra: .so  
[1.505s] -- Using numpy include directory: /home/camilo/miniconda3/lib/python3.10/site-packages/numpy/core/include
[1.512s] CMake Error at CMakeLists.txt:19 (rosidl_get_typesupport_target):
[1.512s]   Unknown CMake command "rosidl_get_typesupport_target".
[1.512s] 
[1.512s] 
[1.514s] -- Configuring incomplete, errors occurred!
[1.514s] See also "/home/camilo/Documents/ENSTA/4.1/ROS/voitureReal/voiture2A-ros/build/voiture2a_motors_driver/CMakeFiles/CMakeOutput.log".
[1.514s] See also "/home/camilo/Documents/ENSTA/4.1/ROS/voitureReal/voiture2A-ros/build/voiture2a_motors_driver/CMakeFiles/CMakeError.log".
[1.525s] Invoked command in '/home/camilo/Documents/ENSTA/4.1/ROS/voitureReal/voiture2A-ros/build/voiture2a_motors_driver' returned '1': CMAKE_PREFIX_PATH=${CMAKE_PREFIX_PATH}:/opt/ros/foxy CONDA_PROMPT_MODIFIER=(base) /usr/bin/cmake /home/camilo/Documents/ENSTA/4.1/ROS/voitureReal/voiture2A-ros/src/voiture2a_motors_driver -DCMAKE_EXPORT_COMPILE_COMMANDS=ON -G Ninja -DCMAKE_INSTALL_PREFIX=/home/camilo/Documents/ENSTA/4.1/ROS/voitureReal/voiture2A-ros/install/voiture2a_motors_driver
