[0.011s] Invoking command in '/workspaces/voiture2A-ros/build/voiture2a_motors_driver': /usr/bin/cmake /workspaces/voiture2A-ros/src/voiture2a_motors_driver -DCMAKE_INSTALL_PREFIX=/workspaces/voiture2A-ros/install/voiture2a_motors_driver
[0.037s] [31mCMake Error at CMakeLists.txt:9 (find_package):
[0.038s]   By not providing "Findament_cmake.cmake" in CMAKE_MODULE_PATH this project
[0.038s]   has asked CMake to find a package configuration file provided by
[0.038s]   "ament_cmake", but CMake did not find one.
[0.038s] 
[0.039s]   Could not find a package configuration file provided by "ament_cmake" with
[0.039s]   any of the following names:
[0.039s] 
[0.039s]     ament_cmakeConfig.cmake
[0.039s]     ament_cmake-config.cmake
[0.039s] 
[0.040s]   Add the installation prefix of "ament_cmake" to CMAKE_PREFIX_PATH or set
[0.040s]   "ament_cmake_DIR" to a directory containing one of the above files.  If
[0.040s]   "ament_cmake" provides a separate development package or SDK, be sure it
[0.040s]   has been installed.
[0.040s] 
[0.040s] [0m
[0.041s] -- Configuring incomplete, errors occurred!
[0.041s] See also "/workspaces/voiture2A-ros/build/voiture2a_motors_driver/CMakeFiles/CMakeOutput.log".
[0.042s] Invoked command in '/workspaces/voiture2A-ros/build/voiture2a_motors_driver' returned '1': /usr/bin/cmake /workspaces/voiture2A-ros/src/voiture2a_motors_driver -DCMAKE_INSTALL_PREFIX=/workspaces/voiture2A-ros/install/voiture2a_motors_driver
