[0.012s] Invoking command in '/workspaces/voiture2A-ros/build/asservissement': /usr/bin/cmake /workspaces/voiture2A-ros/src/asservissement -DCMAKE_INSTALL_PREFIX=/workspaces/voiture2A-ros/install/asservissement
[0.054s] -- The C compiler identification is GNU 11.3.0
[0.092s] -- The CXX compiler identification is GNU 11.3.0
[0.098s] -- Detecting C compiler ABI info
[0.141s] -- Detecting C compiler ABI info - done
[0.150s] -- Check for working C compiler: /usr/bin/cc - skipped
[0.151s] -- Detecting C compile features
[0.151s] -- Detecting C compile features - done
[0.155s] -- Detecting CXX compiler ABI info
[0.212s] -- Detecting CXX compiler ABI info - done
[0.218s] -- Check for working CXX compiler: /usr/bin/c++ - skipped
[0.218s] -- Detecting CXX compile features
[0.218s] -- Detecting CXX compile features - done
[0.234s] [31mCMake Error at CMakeLists.txt:19 (find_package):
[0.235s]   By not providing "Findament_cmake.cmake" in CMAKE_MODULE_PATH this project
[0.235s]   has asked CMake to find a package configuration file provided by
[0.235s]   "ament_cmake", but CMake did not find one.
[0.235s] 
[0.235s]   Could not find a package configuration file provided by "ament_cmake" with
[0.235s]   any of the following names:
[0.235s] 
[0.236s]     ament_cmakeConfig.cmake
[0.236s]     ament_cmake-config.cmake
[0.236s] 
[0.236s]   Add the installation prefix of "ament_cmake" to CMAKE_PREFIX_PATH or set
[0.236s]   "ament_cmake_DIR" to a directory containing one of the above files.  If
[0.236s]   "ament_cmake" provides a separate development package or SDK, be sure it
[0.236s]   has been installed.
[0.236s] 
[0.236s] [0m
[0.236s] -- Configuring incomplete, errors occurred!
[0.237s] See also "/workspaces/voiture2A-ros/build/asservissement/CMakeFiles/CMakeOutput.log".
