[0.010s] Invoking command in '/workspaces/voiture2A-ros/build/projection_node': /usr/bin/cmake /workspaces/voiture2A-ros/src/projection_node -DCMAKE_INSTALL_PREFIX=/workspaces/voiture2A-ros/install/projection_node
[0.068s] -- The C compiler identification is GNU 11.3.0
[0.129s] -- The CXX compiler identification is GNU 11.3.0
[0.138s] -- Detecting C compiler ABI info
[0.229s] -- Detecting C compiler ABI info - done
[0.239s] -- Check for working C compiler: /usr/bin/cc - skipped
[0.239s] -- Detecting C compile features
[0.239s] -- Detecting C compile features - done
[0.242s] -- Detecting CXX compiler ABI info
[0.330s] -- Detecting CXX compiler ABI info - done
[0.340s] -- Check for working CXX compiler: /usr/bin/c++ - skipped
[0.340s] -- Detecting CXX compile features
[0.340s] -- Detecting CXX compile features - done
[0.342s] -- Found ament_cmake: 1.3.3 (/opt/ros/humble/share/ament_cmake/cmake)
[0.483s] -- Found Python3: /usr/bin/python3.10 (found version "3.10.6") found components: Interpreter 
[0.502s] Traceback (most recent call last):
[0.502s]   File "/opt/ros/humble/share/ament_cmake_core/cmake/package_templates/templates_2_cmake.py", line 21, in <module>
[0.502s]     from ament_package.templates import get_environment_hook_template_path
[0.502s] ModuleNotFoundError: No module named 'ament_package'
[0.505s] [31mCMake Error at /opt/ros/humble/share/ament_cmake_core/cmake/ament_cmake_package_templates-extras.cmake:41 (message):
[0.505s]   execute_process(/usr/bin/python3.10
[0.505s]   /opt/ros/humble/share/ament_cmake_core/cmake/package_templates/templates_2_cmake.py
[0.505s]   /workspaces/voiture2A-ros/build/projection_node/ament_cmake_package_templates/templates.cmake)
[0.505s]   returned error code 1
[0.505s] Call Stack (most recent call first):
[0.505s]   /opt/ros/humble/share/ament_cmake_core/cmake/ament_cmake_coreConfig.cmake:41 (include)
[0.505s]   /opt/ros/humble/share/ament_cmake/cmake/ament_cmake_export_dependencies-extras.cmake:15 (find_package)
[0.505s]   /opt/ros/humble/share/ament_cmake/cmake/ament_cmakeConfig.cmake:41 (include)
[0.505s]   CMakeLists.txt:19 (find_package)
[0.505s] 
[0.505s] [0m
[0.505s] -- Configuring incomplete, errors occurred!
[0.505s] See also "/workspaces/voiture2A-ros/build/projection_node/CMakeFiles/CMakeOutput.log".
[0.515s] Invoked command in '/workspaces/voiture2A-ros/build/projection_node' returned '1': /usr/bin/cmake /workspaces/voiture2A-ros/src/projection_node -DCMAKE_INSTALL_PREFIX=/workspaces/voiture2A-ros/install/projection_node
