[0.013s] Invoking command in '/home/camilo/Documents/ENSTA/4.1/ROS/voitureReal/voiture2A-ros/build/asservissement': CMAKE_PREFIX_PATH=${CMAKE_PREFIX_PATH}:/opt/ros/foxy CONDA_PROMPT_MODIFIER=(base) /usr/bin/cmake /home/camilo/Documents/ENSTA/4.1/ROS/voitureReal/voiture2A-ros/src/asservissement -DCMAKE_INSTALL_PREFIX=/home/camilo/Documents/ENSTA/4.1/ROS/voitureReal/voiture2A-ros/install/asservissement
[0.127s] -- The C compiler identification is GNU 9.4.0
[0.231s] -- The CXX compiler identification is GNU 9.4.0
[0.240s] -- Check for working C compiler: /usr/bin/cc
[0.330s] -- Check for working C compiler: /usr/bin/cc -- works
[0.331s] -- Detecting C compiler ABI info
[0.396s] -- Detecting C compiler ABI info - done
[0.404s] -- Detecting C compile features
[0.404s] -- Detecting C compile features - done
[0.407s] -- Check for working CXX compiler: /usr/bin/c++
[0.464s] -- Check for working CXX compiler: /usr/bin/c++ -- works
[0.467s] -- Detecting CXX compiler ABI info
[0.567s] -- Detecting CXX compiler ABI info - done
[0.581s] -- Detecting CXX compile features
[0.582s] -- Detecting CXX compile features - done
[0.584s] -- Found ament_cmake: 0.9.11 (/opt/ros/foxy/share/ament_cmake/cmake)
[0.606s] -- Found PythonInterp: /home/camilo/miniconda3/bin/python3 (found suitable version "3.10.8", minimum required is "3") 
[0.606s] -- Using PYTHON_EXECUTABLE: /home/camilo/miniconda3/bin/python3
[0.834s] -- Found rclcpp: 2.4.2 (/opt/ros/foxy/share/rclcpp/cmake)
[0.904s] -- Using all available rosidl_typesupport_c: rosidl_typesupport_fastrtps_c;rosidl_typesupport_introspection_c
[0.911s] -- Found rosidl_adapter: 1.3.0 (/opt/ros/foxy/share/rosidl_adapter/cmake)
[1.017s] -- Found OpenSSL: /usr/lib/x86_64-linux-gnu/libcrypto.so (found version "1.1.1f")  
[1.037s] -- Found FastRTPS: /opt/ros/foxy/include  
[1.106s] -- Using all available rosidl_typesupport_cpp: rosidl_typesupport_fastrtps_cpp;rosidl_typesupport_introspection_cpp
[1.188s] -- Found rmw_implementation_cmake: 1.0.4 (/opt/ros/foxy/share/rmw_implementation_cmake/cmake)
[1.190s] -- Using RMW implementation 'rmw_fastrtps_cpp' as default
[1.191s] -- Looking for pthread.h
[1.273s] -- Looking for pthread.h - found
[1.274s] -- Performing Test CMAKE_HAVE_LIBC_PTHREAD
[1.364s] -- Performing Test CMAKE_HAVE_LIBC_PTHREAD - Failed
[1.364s] -- Looking for pthread_create in pthreads
[1.442s] -- Looking for pthread_create in pthreads - not found
[1.442s] -- Looking for pthread_create in pthread
[1.525s] -- Looking for pthread_create in pthread - found
[1.528s] -- Found Threads: TRUE  
[1.651s] -- Found geometry_msgs: 2.0.5 (/opt/ros/foxy/share/geometry_msgs/cmake)
[1.676s] -- Found ament_lint_auto: 0.9.8 (/opt/ros/foxy/share/ament_lint_auto/cmake)
[1.768s] -- Added test 'copyright' to check source files copyright and LICENSE
[1.769s] -- Added test 'cppcheck' to perform static code analysis on C / C++ code
[1.769s] -- Configured cppcheck include dirs: 
[1.769s] -- Configured cppcheck exclude dirs and/or files: 
[1.770s] -- Added test 'cpplint' to check C / C++ code against the Google style
[1.770s] -- Configured cpplint exclude dirs and/or files: 
[1.770s] -- Added test 'lint_cmake' to check CMake code style
[1.771s] -- Added test 'uncrustify' to check C / C++ code style
[1.771s] -- Configured uncrustify additional arguments: 
[1.771s] -- Added test 'xmllint' to check XML markup files
[1.774s] -- Configuring done
[1.775s] -- Generating done
[1.776s] -- Build files have been written to: /home/camilo/Documents/ENSTA/4.1/ROS/voitureReal/voiture2A-ros/build/asservissement
[1.782s] Invoked command in '/home/camilo/Documents/ENSTA/4.1/ROS/voitureReal/voiture2A-ros/build/asservissement' returned '0': CMAKE_PREFIX_PATH=${CMAKE_PREFIX_PATH}:/opt/ros/foxy CONDA_PROMPT_MODIFIER=(base) /usr/bin/cmake /home/camilo/Documents/ENSTA/4.1/ROS/voitureReal/voiture2A-ros/src/asservissement -DCMAKE_INSTALL_PREFIX=/home/camilo/Documents/ENSTA/4.1/ROS/voitureReal/voiture2A-ros/install/asservissement
[1.786s] Invoking command in '/home/camilo/Documents/ENSTA/4.1/ROS/voitureReal/voiture2A-ros/build/asservissement': CMAKE_PREFIX_PATH=${CMAKE_PREFIX_PATH}:/opt/ros/foxy CONDA_PROMPT_MODIFIER=(base) /usr/bin/cmake --build /home/camilo/Documents/ENSTA/4.1/ROS/voitureReal/voiture2A-ros/build/asservissement -- -j12 -l12
[1.834s] Invoked command in '/home/camilo/Documents/ENSTA/4.1/ROS/voitureReal/voiture2A-ros/build/asservissement' returned '0': CMAKE_PREFIX_PATH=${CMAKE_PREFIX_PATH}:/opt/ros/foxy CONDA_PROMPT_MODIFIER=(base) /usr/bin/cmake --build /home/camilo/Documents/ENSTA/4.1/ROS/voitureReal/voiture2A-ros/build/asservissement -- -j12 -l12
[1.878s] Invoking command in '/home/camilo/Documents/ENSTA/4.1/ROS/voitureReal/voiture2A-ros/build/asservissement': CMAKE_PREFIX_PATH=${CMAKE_PREFIX_PATH}:/opt/ros/foxy CONDA_PROMPT_MODIFIER=(base) /usr/bin/cmake --install /home/camilo/Documents/ENSTA/4.1/ROS/voitureReal/voiture2A-ros/build/asservissement
[1.889s] -- Install configuration: ""
[1.889s] -- Installing: /home/camilo/Documents/ENSTA/4.1/ROS/voitureReal/voiture2A-ros/install/asservissement/share/ament_index/resource_index/package_run_dependencies/asservissement
[1.889s] -- Installing: /home/camilo/Documents/ENSTA/4.1/ROS/voitureReal/voiture2A-ros/install/asservissement/share/ament_index/resource_index/parent_prefix_path/asservissement
[1.889s] -- Installing: /home/camilo/Documents/ENSTA/4.1/ROS/voitureReal/voiture2A-ros/install/asservissement/share/asservissement/environment/ament_prefix_path.sh
[1.889s] -- Installing: /home/camilo/Documents/ENSTA/4.1/ROS/voitureReal/voiture2A-ros/install/asservissement/share/asservissement/environment/ament_prefix_path.dsv
[1.889s] -- Installing: /home/camilo/Documents/ENSTA/4.1/ROS/voitureReal/voiture2A-ros/install/asservissement/share/asservissement/environment/path.sh
[1.890s] -- Installing: /home/camilo/Documents/ENSTA/4.1/ROS/voitureReal/voiture2A-ros/install/asservissement/share/asservissement/environment/path.dsv
[1.890s] -- Installing: /home/camilo/Documents/ENSTA/4.1/ROS/voitureReal/voiture2A-ros/install/asservissement/share/asservissement/local_setup.bash
[1.890s] -- Installing: /home/camilo/Documents/ENSTA/4.1/ROS/voitureReal/voiture2A-ros/install/asservissement/share/asservissement/local_setup.sh
[1.890s] -- Installing: /home/camilo/Documents/ENSTA/4.1/ROS/voitureReal/voiture2A-ros/install/asservissement/share/asservissement/local_setup.zsh
[1.890s] -- Installing: /home/camilo/Documents/ENSTA/4.1/ROS/voitureReal/voiture2A-ros/install/asservissement/share/asservissement/local_setup.dsv
[1.890s] -- Installing: /home/camilo/Documents/ENSTA/4.1/ROS/voitureReal/voiture2A-ros/install/asservissement/share/asservissement/package.dsv
[1.890s] -- Installing: /home/camilo/Documents/ENSTA/4.1/ROS/voitureReal/voiture2A-ros/install/asservissement/share/ament_index/resource_index/packages/asservissement
[1.890s] -- Installing: /home/camilo/Documents/ENSTA/4.1/ROS/voitureReal/voiture2A-ros/install/asservissement/share/asservissement/cmake/asservissementConfig.cmake
[1.890s] -- Installing: /home/camilo/Documents/ENSTA/4.1/ROS/voitureReal/voiture2A-ros/install/asservissement/share/asservissement/cmake/asservissementConfig-version.cmake
[1.891s] -- Installing: /home/camilo/Documents/ENSTA/4.1/ROS/voitureReal/voiture2A-ros/install/asservissement/share/asservissement/package.xml
[1.892s] Invoked command in '/home/camilo/Documents/ENSTA/4.1/ROS/voitureReal/voiture2A-ros/build/asservissement' returned '0': CMAKE_PREFIX_PATH=${CMAKE_PREFIX_PATH}:/opt/ros/foxy CONDA_PROMPT_MODIFIER=(base) /usr/bin/cmake --install /home/camilo/Documents/ENSTA/4.1/ROS/voitureReal/voiture2A-ros/build/asservissement
