[0.011s] Invoking command in '/workspaces/voiture2A-ros/build/asservissement': /usr/bin/cmake /workspaces/voiture2A-ros/src/asservissement -DCMAKE_INSTALL_PREFIX=/workspaces/voiture2A-ros/install/asservissement
[0.034s] [31mCMake Error at CMakeLists.txt:19 (find_package):
[0.034s]   By not providing "Findament_cmake.cmake" in CMAKE_MODULE_PATH this project
[0.034s]   has asked CMake to find a package configuration file provided by
[0.035s]   "ament_cmake", but CMake did not find one.
[0.035s] 
[0.035s]   Could not find a package configuration file provided by "ament_cmake" with
[0.035s]   any of the following names:
[0.036s] 
[0.036s]     ament_cmakeConfig.cmake
[0.036s]     ament_cmake-config.cmake
[0.036s] 
[0.036s]   Add the installation prefix of "ament_cmake" to CMAKE_PREFIX_PATH or set
[0.036s]   "ament_cmake_DIR" to a directory containing one of the above files.  If
[0.037s]   "ament_cmake" provides a separate development package or SDK, be sure it
[0.037s]   has been installed.
[0.037s] 
[0.038s] [0m
[0.040s] -- Configuring incomplete, errors occurred!
[0.040s] See also "/workspaces/voiture2A-ros/build/asservissement/CMakeFiles/CMakeOutput.log".
[0.046s] Invoked command in '/workspaces/voiture2A-ros/build/asservissement' returned '1': /usr/bin/cmake /workspaces/voiture2A-ros/src/asservissement -DCMAKE_INSTALL_PREFIX=/workspaces/voiture2A-ros/install/asservissement
