[0.027s] Invoking command in '/workspaces/voiture2A-ros/build/asservissement': CMAKE_PREFIX_PATH=${CMAKE_PREFIX_PATH}:/opt/ros/humble /usr/bin/cmake /workspaces/voiture2A-ros/src/asservissement -DCMAKE_INSTALL_PREFIX=/workspaces/voiture2A-ros/install/asservissement
[0.042s] -- Found ament_cmake: 1.3.3 (/opt/ros/humble/share/ament_cmake/cmake)
[0.189s] -- Found rclcpp: 16.0.3 (/opt/ros/humble/share/rclcpp/cmake)
[0.232s] -- Found rosidl_generator_c: 3.1.4 (/opt/ros/humble/share/rosidl_generator_c/cmake)
[0.235s] -- Found rosidl_adapter: 3.1.4 (/opt/ros/humble/share/rosidl_adapter/cmake)
[0.242s] -- Found rosidl_generator_cpp: 3.1.4 (/opt/ros/humble/share/rosidl_generator_cpp/cmake)
[0.255s] -- Using all available rosidl_typesupport_c: rosidl_typesupport_fastrtps_c;rosidl_typesupport_introspection_c
[0.268s] -- Using all available rosidl_typesupport_cpp: rosidl_typesupport_fastrtps_cpp;rosidl_typesupport_introspection_cpp
[0.330s] -- Found rmw_implementation_cmake: 6.1.1 (/opt/ros/humble/share/rmw_implementation_cmake/cmake)
[0.332s] -- Found rmw_fastrtps_cpp: 6.2.2 (/opt/ros/humble/share/rmw_fastrtps_cpp/cmake)
[0.431s] -- Found OpenSSL: /usr/lib/x86_64-linux-gnu/libcrypto.so (found version "3.0.2")  
[0.464s] -- Found FastRTPS: /opt/ros/humble/share  
[0.521s] -- Using RMW implementation 'rmw_fastrtps_cpp' as default
[0.534s] -- Looking for pthread.h
[0.601s] -- Looking for pthread.h - found
[0.602s] -- Performing Test CMAKE_HAVE_LIBC_PTHREAD
[0.663s] -- Performing Test CMAKE_HAVE_LIBC_PTHREAD - Success
[0.663s] -- Found Threads: TRUE  
[0.801s] -- Found geometry_msgs: 4.2.3 (/opt/ros/humble/share/geometry_msgs/cmake)
[0.841s] -- Found rosidl_default_generators: 1.2.0 (/opt/ros/humble/share/rosidl_default_generators/cmake)
[0.861s] [31mCMake Error at CMakeLists.txt:24 (find_package):
[0.861s]   By not providing "Findgpsd_client.cmake" in CMAKE_MODULE_PATH this project
[0.862s]   has asked CMake to find a package configuration file provided by
[0.862s]   "gpsd_client", but CMake did not find one.
[0.862s] 
[0.862s]   Could not find a package configuration file provided by "gpsd_client" with
[0.862s]   any of the following names:
[0.862s] 
[0.862s]     gpsd_clientConfig.cmake
[0.862s]     gpsd_client-config.cmake
[0.862s] 
[0.862s]   Add the installation prefix of "gpsd_client" to CMAKE_PREFIX_PATH or set
[0.862s]   "gpsd_client_DIR" to a directory containing one of the above files.  If
[0.862s]   "gpsd_client" provides a separate development package or SDK, be sure it
[0.862s]   has been installed.
[0.863s] 
[0.863s] [0m
[0.863s] -- Configuring incomplete, errors occurred!
[0.863s] See also "/workspaces/voiture2A-ros/build/asservissement/CMakeFiles/CMakeOutput.log".
[0.871s] Invoked command in '/workspaces/voiture2A-ros/build/asservissement' returned '1': CMAKE_PREFIX_PATH=${CMAKE_PREFIX_PATH}:/opt/ros/humble /usr/bin/cmake /workspaces/voiture2A-ros/src/asservissement -DCMAKE_INSTALL_PREFIX=/workspaces/voiture2A-ros/install/asservissement
