[0.016s] Invoking command in '/workspaces/voiture2A-ros/build/commandant': /usr/bin/cmake /workspaces/voiture2A-ros/src/commandant -DCMAKE_INSTALL_PREFIX=/workspaces/voiture2A-ros/install/commandant
[0.097s] -- The C compiler identification is GNU 11.3.0
[0.174s] -- The CXX compiler identification is GNU 11.3.0
[0.183s] -- Detecting C compiler ABI info
[0.252s] -- Detecting C compiler ABI info - done
[0.263s] -- Check for working C compiler: /usr/bin/cc - skipped
[0.264s] -- Detecting C compile features
[0.264s] -- Detecting C compile features - done
[0.267s] -- Detecting CXX compiler ABI info
[0.342s] -- Detecting CXX compiler ABI info - done
[0.352s] -- Check for working CXX compiler: /usr/bin/c++ - skipped
[0.353s] -- Detecting CXX compile features
[0.353s] -- Detecting CXX compile features - done
[0.365s] -- Configuring incomplete, errors occurred!
[0.365s] See also "/workspaces/voiture2A-ros/build/commandant/CMakeFiles/CMakeOutput.log".
[0.365s] [31mCMake Error at CMakeLists.txt:19 (find_package):
[0.365s]   By not providing "Findament_cmake.cmake" in CMAKE_MODULE_PATH this project
[0.365s]   has asked CMake to find a package configuration file provided by
[0.365s]   "ament_cmake", but CMake did not find one.
[0.365s] 
[0.365s]   Could not find a package configuration file provided by "ament_cmake" with
[0.366s]   any of the following names:
[0.366s] 
[0.366s]     ament_cmakeConfig.cmake
[0.366s]     ament_cmake-config.cmake
[0.366s] 
[0.366s]   Add the installation prefix of "ament_cmake" to CMAKE_PREFIX_PATH or set
[0.366s]   "ament_cmake_DIR" to a directory containing one of the above files.  If
[0.366s]   "ament_cmake" provides a separate development package or SDK, be sure it
[0.366s]   has been installed.
[0.366s] 
[0.366s] [0m
